#
# There is insufficient memory for the Java Runtime Environment to continue.
# Native memory allocation (malloc) failed to allocate 146800640 bytes for committing reserved memory.
# Possible reasons:
#   The system is out of physical RAM or swap space
#   In 32 bit mode, the process size limit was hit
# Possible solutions:
#   Reduce memory load on the system
#   Increase physical memory or swap space
#   Check if swap backing store is full
#   Use 64 bit Java on a 64 bit OS
#   Decrease Java heap size (-Xmx/-Xms)
#   Decrease number of Java threads
#   Decrease Java thread stack sizes (-Xss)
#   Set larger code cache with -XX:ReservedCodeCacheSize=
# This output file may be truncated or incomplete.
#
#  Out of Memory Error (os_linux.cpp:2827), pid=26102, tid=139732616627968
#
# JRE version: OpenJDK Runtime Environment (7.0_85-b01) (build 1.7.0_85-b01)
# Java VM: OpenJDK 64-Bit Server VM (24.85-b03 mixed mode linux-amd64 compressed oops)
# Derivative: IcedTea 2.6.1
# Distribution: Ubuntu 15.04, package 7u85-2.6.1-5ubuntu0.15.04.1
# Failed to write core dump. Core dumps have been disabled. To enable core dumping, try "ulimit -c unlimited" before starting Java again
#

---------------  T H R E A D  ---------------

Current thread (0x00007f1610076000):  VMThread [stack: 0x00007f1608ea4000,0x00007f1608fa5000] [id=26131]

Stack: [0x00007f1608ea4000,0x00007f1608fa5000],  sp=0x00007f1608fa34e0,  free space=1021k
Native frames: (J=compiled Java code, j=interpreted, Vv=VM code, C=native code)
V  [libjvm.so+0x991996]  VMError::report_and_die()+0x186
V  [libjvm.so+0x4933a2]  report_vm_out_of_memory(char const*, int, unsigned long, char const*)+0x92
V  [libjvm.so+0x8037eb]  os::pd_commit_memory(char*, unsigned long, unsigned long, bool)+0xeb
V  [libjvm.so+0x7fdece]  os::commit_memory(char*, unsigned long, unsigned long, bool)+0x2e
V  [libjvm.so+0x871ccb]  PSVirtualSpace::expand_by(unsigned long)+0x5b
V  [libjvm.so+0x872b83]  PSYoungGen::resize_generation(unsigned long, unsigned long)+0xd3
V  [libjvm.so+0x87329b]  PSYoungGen::resize(unsigned long, unsigned long)+0x1b
V  [libjvm.so+0x86ec01]  PSScavenge::invoke_no_policy()+0xd51
V  [libjvm.so+0x86f478]  PSScavenge::invoke()+0x38
V  [libjvm.so+0x826b43]  ParallelScavengeHeap::failed_mem_allocate(unsigned long)+0x63
V  [libjvm.so+0x993262]  VM_ParallelGCFailedAllocation::doit()+0x92
V  [libjvm.so+0x9976e7]  VM_Operation::evaluate()+0x47
V  [libjvm.so+0x995e5b]  VMThread::evaluate_operation(VM_Operation*)+0xab
V  [libjvm.so+0x996506]  VMThread::loop()+0x1e6
V  [libjvm.so+0x9969d1]  VMThread::run()+0x81
V  [libjvm.so+0x800712]  java_start(Thread*)+0xf2

VM_Operation (0x00007f1602537e70): ParallelGCFailedAllocation, mode: safepoint, requested by thread 0x00007f1610194800


---------------  P R O C E S S  ---------------

Java Threads: ( => current thread )
  0x00007f161019d000 JavaThread "pool-1-thread-4" [_thread_blocked, id=26178, stack(0x00007f1602035000,0x00007f1602136000)]
  0x00007f161019b000 JavaThread "pool-1-thread-3" [_thread_blocked, id=26177, stack(0x00007f1602136000,0x00007f1602237000)]
  0x00007f1610199800 JavaThread "pool-1-thread-2" [_thread_blocked, id=26176, stack(0x00007f1602237000,0x00007f1602338000)]
  0x00007f1610198000 JavaThread "pool-2-thread-1" [_thread_blocked, id=26173, stack(0x00007f1602338000,0x00007f1602439000)]
  0x00007f1610194800 JavaThread "pool-1-thread-1" [_thread_blocked, id=26172, stack(0x00007f1602439000,0x00007f160253a000)]
  0x00007f16100b1800 JavaThread "Service Thread" daemon [_thread_blocked, id=26146, stack(0x00007f16081bc000,0x00007f16082bd000)]
  0x00007f16100af000 JavaThread "C2 CompilerThread1" daemon [_thread_in_native, id=26144, stack(0x00007f16082bd000,0x00007f16083be000)]
  0x00007f16100ac000 JavaThread "C2 CompilerThread0" daemon [_thread_blocked, id=26143, stack(0x00007f16083be000,0x00007f16084bf000)]
  0x00007f16100aa000 JavaThread "Signal Dispatcher" daemon [_thread_blocked, id=26141, stack(0x00007f16084bf000,0x00007f16085c0000)]
  0x00007f161007c800 JavaThread "Finalizer" daemon [_thread_blocked, id=26139, stack(0x00007f1608ca2000,0x00007f1608da3000)]
  0x00007f161007a800 JavaThread "Reference Handler" daemon [_thread_blocked, id=26133, stack(0x00007f1608da3000,0x00007f1608ea4000)]
  0x00007f161000a000 JavaThread "main" [_thread_blocked, id=26116, stack(0x00007f16175f3000,0x00007f16176f4000)]

Other Threads:
=>0x00007f1610076000 VMThread [stack: 0x00007f1608ea4000,0x00007f1608fa5000] [id=26131]
  0x00007f16100bc800 WatcherThread [stack: 0x00007f16080bb000,0x00007f16081bc000] [id=26147]

VM state:at safepoint (normal execution)

VM Mutex/Monitor currently owned by a thread:  ([mutex/lock_event])
[0x00007f1610006970] Threads_lock - owner thread: 0x00007f1610076000
[0x00007f1610006e70] Heap_lock - owner thread: 0x00007f1610194800

Heap
 PSYoungGen      total 139264K, used 14829K [0x00000000eaa80000, 0x00000000f4380000, 0x0000000100000000)
  eden space 124416K, 0% used [0x00000000eaa80000,0x00000000eaa80000,0x00000000f2400000)
  from space 14848K, 99% used [0x00000000f2400000,0x00000000f327b4b8,0x00000000f3280000)
  to   space 12288K, 0% used [0x00000000f3280000,0x00000000f3280000,0x00000000f3e80000)
 ParOldGen       total 44032K, used 43133K [0x00000000c0000000, 0x00000000c2b00000, 0x00000000eaa80000)
  object space 44032K, 97% used [0x00000000c0000000,0x00000000c2a1f628,0x00000000c2b00000)
 PSPermGen       total 21504K, used 6236K [0x00000000b5a00000, 0x00000000b6f00000, 0x00000000c0000000)
  object space 21504K, 28% used [0x00000000b5a00000,0x00000000b6017020,0x00000000b6f00000)

Card table byte_map: [0x00007f160cdac000,0x00007f160d000000] byte_map_base: 0x00007f160c7ff000

Polling page: 0x00007f1617716000

Code Cache  [0x00007f160d000000, 0x00007f160d270000, 0x00007f1610000000)
 total_blobs=633 nmethods=401 adapters=184 free_code_cache=47548Kb largest_free_block=48654016

Compilation events (10 events):
Event: 58.447 Thread 0x00007f16100ac000 nmethod 411 0x00007f160d0c49d0 code [0x00007f160d0c4b00, 0x00007f160d0c4bd8]
Event: 58.447 Thread 0x00007f16100ac000  412             com.android.dx.dex.code.RopTranslator$LocalVariableAwareTranslationVisitor::addIntroductionIfNecessary (30 bytes)
Event: 58.478 Thread 0x00007f16100ac000 nmethod 412 0x00007f160d0c9510 code [0x00007f160d0c96c0, 0x00007f160d0c9a48]
Event: 58.478 Thread 0x00007f16100ac000  413             com.android.dx.rop.code.LocalVariableInfo::getAssignment (12 bytes)
Event: 58.512 Thread 0x00007f16100ac000 nmethod 413 0x00007f160d0c8e50 code [0x00007f160d0c8fc0, 0x00007f160d0c91d8]
Event: 58.512 Thread 0x00007f16100ac000  414             com.android.dx.ssa.SsaBasicBlock::getPrimarySuccessorIndex (5 bytes)
Event: 58.513 Thread 0x00007f16100ac000 nmethod 414 0x00007f160d0c4750 code [0x00007f160d0c4880, 0x00007f160d0c48d8]
Event: 58.513 Thread 0x00007f16100ac000  415             com.android.dx.rop.code.ThrowingCstInsn::withNewRegisters (25 bytes)
Event: 58.522 Thread 0x00007f16100ac000 nmethod 415 0x00007f160d0c87d0 code [0x00007f160d0c8920, 0x00007f160d0c8b58]
Event: 58.522 Thread 0x00007f16100ac000  416             com.android.dx.ssa.back.FirstFitLocalCombiningAllocator::handleNormalUnassociated (99 bytes)

GC Heap History (10 events):
Event: 4.496 GC heap after
Heap after GC invocations=2 (full 0):
 PSYoungGen      total 33792K, used 2036K [0x00000000eaa80000, 0x00000000ecd80000, 0x0000000100000000)
  eden space 31744K, 0% used [0x00000000eaa80000,0x00000000eaa80000,0x00000000ec980000)
  from space 2048K, 99% used [0x00000000ecb80000,0x00000000ecd7d2d8,0x00000000ecd80000)
  to   space 2048K, 0% used [0x00000000ec980000,0x00000000ec980000,0x00000000ecb80000)
 ParOldGen       total 39936K, used 5084K [0x00000000c0000000, 0x00000000c2700000, 0x00000000eaa80000)
  object space 39936K, 12% used [0x00000000c0000000,0x00000000c04f7020,0x00000000c2700000)
 PSPermGen       total 21504K, used 5984K [0x00000000b5a00000, 0x00000000b6f00000, 0x00000000c0000000)
  object space 21504K, 27% used [0x00000000b5a00000,0x00000000b5fd8238,0x00000000b6f00000)
}
Event: 8.192 GC heap before
{Heap before GC invocations=3 (full 0):
 PSYoungGen      total 33792K, used 33780K [0x00000000eaa80000, 0x00000000ecd80000, 0x0000000100000000)
  eden space 31744K, 100% used [0x00000000eaa80000,0x00000000ec980000,0x00000000ec980000)
  from space 2048K, 99% used [0x00000000ecb80000,0x00000000ecd7d2d8,0x00000000ecd80000)
  to   space 2048K, 0% used [0x00000000ec980000,0x00000000ec980000,0x00000000ecb80000)
 ParOldGen       total 39936K, used 5084K [0x00000000c0000000, 0x00000000c2700000, 0x00000000eaa80000)
  object space 39936K, 12% used [0x00000000c0000000,0x00000000c04f7020,0x00000000c2700000)
 PSPermGen       total 21504K, used 6061K [0x00000000b5a00000, 0x00000000b6f00000, 0x00000000c0000000)
  object space 21504K, 28% used [0x00000000b5a00000,0x00000000b5feb470,0x00000000b6f00000)
Event: 8.292 GC heap after
Heap after GC invocations=3 (full 0):
 PSYoungGen      total 33792K, used 2036K [0x00000000eaa80000, 0x00000000eec80000, 0x0000000100000000)
  eden space 31744K, 0% used [0x00000000eaa80000,0x00000000eaa80000,0x00000000ec980000)
  from space 2048K, 99% used [0x00000000ec980000,0x00000000ecb7d178,0x00000000ecb80000)
  to   space 2048K, 0% used [0x00000000eea80000,0x00000000eea80000,0x00000000eec80000)
 ParOldGen       total 39936K, used 10527K [0x00000000c0000000, 0x00000000c2700000, 0x00000000eaa80000)
  object space 39936K, 26% used [0x00000000c0000000,0x00000000c0a47c60,0x00000000c2700000)
 PSPermGen       total 21504K, used 6061K [0x00000000b5a00000, 0x00000000b6f00000, 0x00000000c0000000)
  object space 21504K, 28% used [0x00000000b5a00000,0x00000000b5feb470,0x00000000b6f00000)
}
Event: 12.142 GC heap before
{Heap before GC invocations=4 (full 0):
 PSYoungGen      total 33792K, used 33780K [0x00000000eaa80000, 0x00000000eec80000, 0x0000000100000000)
  eden space 31744K, 100% used [0x00000000eaa80000,0x00000000ec980000,0x00000000ec980000)
  from space 2048K, 99% used [0x00000000ec980000,0x00000000ecb7d178,0x00000000ecb80000)
  to   space 2048K, 0% used [0x00000000eea80000,0x00000000eea80000,0x00000000eec80000)
 ParOldGen       total 39936K, used 10527K [0x00000000c0000000, 0x00000000c2700000, 0x00000000eaa80000)
  object space 39936K, 26% used [0x00000000c0000000,0x00000000c0a47c60,0x00000000c2700000)
 PSPermGen       total 21504K, used 6085K [0x00000000b5a00000, 0x00000000b6f00000, 0x00000000c0000000)
  object space 21504K, 28% used [0x00000000b5a00000,0x00000000b5ff17f8,0x00000000b6f00000)
Event: 12.285 GC heap after
Heap after GC invocations=4 (full 0):
 PSYoungGen      total 65536K, used 2035K [0x00000000eaa80000, 0x00000000eec80000, 0x0000000100000000)
  eden space 63488K, 0% used [0x00000000eaa80000,0x00000000eaa80000,0x00000000ee880000)
  from space 2048K, 99% used [0x00000000eea80000,0x00000000eec7ccb0,0x00000000eec80000)
  to   space 2048K, 0% used [0x00000000ee880000,0x00000000ee880000,0x00000000eea80000)
 ParOldGen       total 39936K, used 15616K [0x00000000c0000000, 0x00000000c2700000, 0x00000000eaa80000)
  object space 39936K, 39% used [0x00000000c0000000,0x00000000c0f40100,0x00000000c2700000)
 PSPermGen       total 21504K, used 6085K [0x00000000b5a00000, 0x00000000b6f00000, 0x00000000c0000000)
  object space 21504K, 28% used [0x00000000b5a00000,0x00000000b5ff17f8,0x00000000b6f00000)
}
Event: 51.000 GC heap before
{Heap before GC invocations=5 (full 0):
 PSYoungGen      total 65536K, used 65523K [0x00000000eaa80000, 0x00000000eec80000, 0x0000000100000000)
  eden space 63488K, 100% used [0x00000000eaa80000,0x00000000ee880000,0x00000000ee880000)
  from space 2048K, 99% used [0x00000000eea80000,0x00000000eec7ccb0,0x00000000eec80000)
  to   space 2048K, 0% used [0x00000000ee880000,0x00000000ee880000,0x00000000eea80000)
 ParOldGen       total 39936K, used 15616K [0x00000000c0000000, 0x00000000c2700000, 0x00000000eaa80000)
  object space 39936K, 39% used [0x00000000c0000000,0x00000000c0f40100,0x00000000c2700000)
 PSPermGen       total 21504K, used 6139K [0x00000000b5a00000, 0x00000000b6f00000, 0x00000000c0000000)
  object space 21504K, 28% used [0x00000000b5a00000,0x00000000b5ffee18,0x00000000b6f00000)
Event: 51.212 GC heap after
Heap after GC invocations=5 (full 0):
 PSYoungGen      total 65536K, used 2021K [0x00000000eaa80000, 0x00000000f3e80000, 0x0000000100000000)
  eden space 63488K, 0% used [0x00000000eaa80000,0x00000000eaa80000,0x00000000ee880000)
  from space 2048K, 98% used [0x00000000ee880000,0x00000000eea79650,0x00000000eea80000)
  to   space 12288K, 0% used [0x00000000f3280000,0x00000000f3280000,0x00000000f3e80000)
 ParOldGen       total 39936K, used 25202K [0x00000000c0000000, 0x00000000c2700000, 0x00000000eaa80000)
  object space 39936K, 63% used [0x00000000c0000000,0x00000000c189cb08,0x00000000c2700000)
 PSPermGen       total 21504K, used 6139K [0x00000000b5a00000, 0x00000000b6f00000, 0x00000000c0000000)
  object space 21504K, 28% used [0x00000000b5a00000,0x00000000b5ffee18,0x00000000b6f00000)
}
Event: 54.702 GC heap before
{Heap before GC invocations=6 (full 0):
 PSYoungGen      total 65536K, used 65509K [0x00000000eaa80000, 0x00000000f3e80000, 0x0000000100000000)
  eden space 63488K, 100% used [0x00000000eaa80000,0x00000000ee880000,0x00000000ee880000)
  from space 2048K, 98% used [0x00000000ee880000,0x00000000eea79650,0x00000000eea80000)
  to   space 12288K, 0% used [0x00000000f3280000,0x00000000f3280000,0x00000000f3e80000)
 ParOldGen       total 39936K, used 25202K [0x00000000c0000000, 0x00000000c2700000, 0x00000000eaa80000)
  object space 39936K, 63% used [0x00000000c0000000,0x00000000c189cb08,0x00000000c2700000)
 PSPermGen       total 21504K, used 6165K [0x00000000b5a00000, 0x00000000b6f00000, 0x00000000c0000000)
  object space 21504K, 28% used [0x00000000b5a00000,0x00000000b6005528,0x00000000b6f00000)
Event: 54.800 GC heap after
Heap after GC invocations=6 (full 0):
 PSYoungGen      total 136704K, used 12265K [0x00000000eaa80000, 0x00000000f4380000, 0x0000000100000000)
  eden space 124416K, 0% used [0x00000000eaa80000,0x00000000eaa80000,0x00000000f2400000)
  from space 12288K, 99% used [0x00000000f3280000,0x00000000f3e7a5a0,0x00000000f3e80000)
  to   space 14848K, 0% used [0x00000000f2400000,0x00000000f2400000,0x00000000f3280000)
 ParOldGen       total 39936K, used 26128K [0x00000000c0000000, 0x00000000c2700000, 0x00000000eaa80000)
  object space 39936K, 65% used [0x00000000c0000000,0x00000000c19840c8,0x00000000c2700000)
 PSPermGen       total 21504K, used 6165K [0x00000000b5a00000, 0x00000000b6f00000, 0x00000000c0000000)
  object space 21504K, 28% used [0x00000000b5a00000,0x00000000b6005528,0x00000000b6f00000)
}
Event: 59.132 GC heap before
{Heap before GC invocations=7 (full 0):
 PSYoungGen      total 136704K, used 136681K [0x00000000eaa80000, 0x00000000f4380000, 0x0000000100000000)
  eden space 124416K, 100% used [0x00000000eaa80000,0x00000000f2400000,0x00000000f2400000)
  from space 12288K, 99% used [0x00000000f3280000,0x00000000f3e7a5a0,0x00000000f3e80000)
  to   space 14848K, 0% used [0x00000000f2400000,0x00000000f2400000,0x00000000f3280000)
 ParOldGen       total 39936K, used 26128K [0x00000000c0000000, 0x00000000c2700000, 0x00000000eaa80000)
  object space 39936K, 65% used [0x00000000c0000000,0x00000000c19840c8,0x00000000c2700000)
 PSPermGen       total 21504K, used 6236K [0x00000000b5a00000, 0x00000000b6f00000, 0x00000000c0000000)
  object space 21504K, 28% used [0x00000000b5a00000,0x00000000b6017020,0x00000000b6f00000)

Deoptimization events (10 events):
Event: 13.219 Thread 0x00007f161019d000 Uncommon trap: reason=unstable_if action=reinterpret pc=0x00007f160d0f6070 method=com.android.dx.ssa.SCCP.simulateBranch(Lcom/android/dx/ssa/SsaInsn;)V @ 64
Event: 13.679 Thread 0x00007f1610194800 Uncommon trap: reason=null_check action=make_not_entrant pc=0x00007f160d0c7c5c method=com.android.dx.ssa.SsaRenamer.getLocalForNewReg(I)Lcom/android/dx/rop/code/LocalItem; @ 19
Event: 52.008 Thread 0x00007f161019d000 Uncommon trap: reason=unstable_if action=reinterpret pc=0x00007f160d0efbe8 method=com.android.dx.rop.code.LocalItem.compareHandlesNulls(Lcom/android/dx/rop/cst/CstString;Lcom/android/dx/rop/cst/CstString;)I @ 14
Event: 52.008 Thread 0x00007f161019d000 Uncommon trap: reason=unstable_if action=reinterpret pc=0x00007f160d0ef668 method=com.android.dx.rop.code.LocalItem.compareHandlesNulls(Lcom/android/dx/rop/cst/CstString;Lcom/android/dx/rop/cst/CstString;)I @ 14
Event: 53.479 Thread 0x00007f161000a000 Uncommon trap: reason=null_check action=make_not_entrant pc=0x00007f160d1652ec method=com.android.dx.cf.code.Ropper$CatchInfo.getSetup(Lcom/android/dx/rop/type/Type;)Lcom/android/dx/cf/code/Ropper$ExceptionHandlerSetup; @ 10
Event: 58.647 Thread 0x00007f161019b000 Uncommon trap: reason=bimorphic action=maybe_recompile pc=0x00007f160d185bb0 method=com.android.dx.cf.code.BytecodeArray.parseInstruction(ILcom/android/dx/cf/code/BytecodeArray$Visitor;)I @ 1161
Event: 58.648 Thread 0x00007f161019b000 Uncommon trap: reason=bimorphic action=maybe_recompile pc=0x00007f160d185bb0 method=com.android.dx.cf.code.BytecodeArray.parseInstruction(ILcom/android/dx/cf/code/BytecodeArray$Visitor;)I @ 1161
Event: 58.749 Thread 0x00007f161019d000 Uncommon trap: reason=bimorphic action=maybe_recompile pc=0x00007f160d1870c4 method=com.android.dx.cf.code.BytecodeArray.parseInstruction(ILcom/android/dx/cf/code/BytecodeArray$Visitor;)I @ 1357
Event: 58.770 Thread 0x00007f161019d000 Uncommon trap: reason=bimorphic action=maybe_recompile pc=0x00007f160d1870c4 method=com.android.dx.cf.code.BytecodeArray.parseInstruction(ILcom/android/dx/cf/code/BytecodeArray$Visitor;)I @ 1357
Event: 59.043 Thread 0x00007f161019d000 Uncommon trap: reason=bimorphic action=maybe_recompile pc=0x00007f160d0e7514 method=com.android.dx.ssa.LiteralOpUpgrader.tryReplacingWithConstant(Lcom/android/dx/ssa/NormalSsaInsn;)Z @ 62

Internal exceptions (10 events):
Event: 5.127 Thread 0x00007f1610194800 Implicit null exception at 0x00007f160d08a212 to 0x00007f160d08a303
Event: 6.378 Thread 0x00007f161000a000 Implicit null exception at 0x00007f160d0bbcf8 to 0x00007f160d0bced5
Event: 9.755 Thread 0x00007f161000a000 Implicit null exception at 0x00007f160d0dd727 to 0x00007f160d0ddddd
Event: 9.837 Thread 0x00007f1610194800 Threw 0x00000000eb4f8430 at /build/openjdk-7-X9jDCD/openjdk-7-7u85-2.6.1/build/openjdk/hotspot/src/share/vm/prims/jvm.cpp:1322
Event: 13.234 Thread 0x00007f161019d000 Threw 0x00000000eb14ff80 at /build/openjdk-7-X9jDCD/openjdk-7-7u85-2.6.1/build/openjdk/hotspot/src/share/vm/prims/jvm.cpp:1322
Event: 13.679 Thread 0x00007f1610194800 Implicit null exception at 0x00007f160d0c5328 to 0x00007f160d0c7c31
Event: 52.008 Thread 0x00007f161019d000 Implicit null exception at 0x00007f160d0efa4b to 0x00007f160d0efbd5
Event: 52.008 Thread 0x00007f161019d000 Implicit null exception at 0x00007f160d0ef539 to 0x00007f160d0ef655
Event: 52.377 Thread 0x00007f161000a000 Threw 0x00000000ebc37618 at /build/openjdk-7-X9jDCD/openjdk-7-7u85-2.6.1/build/openjdk/hotspot/src/share/vm/prims/jvm.cpp:1322
Event: 53.479 Thread 0x00007f161000a000 Implicit null exception at 0x00007f160d1612a0 to 0x00007f160d1652a5

Events (10 events):
Event: 58.749 Thread 0x00007f161019d000 Uncommon trap: trap_request=0xffffffc6 fr.pc=0x00007f160d1870c4
Event: 58.749 Thread 0x00007f161019d000 DEOPT PACKING pc=0x00007f160d1870c4 sp=0x00007f1602134060
Event: 58.749 Thread 0x00007f161019d000 DEOPT UNPACKING pc=0x00007f160d039045 sp=0x00007f1602134020 mode 2
Event: 58.770 Thread 0x00007f161019d000 Uncommon trap: trap_request=0xffffffc6 fr.pc=0x00007f160d1870c4
Event: 58.770 Thread 0x00007f161019d000 DEOPT PACKING pc=0x00007f160d1870c4 sp=0x00007f1602134060
Event: 58.770 Thread 0x00007f161019d000 DEOPT UNPACKING pc=0x00007f160d039045 sp=0x00007f1602134020 mode 2
Event: 59.043 Thread 0x00007f161019d000 Uncommon trap: trap_request=0xffffffc6 fr.pc=0x00007f160d0e7514
Event: 59.043 Thread 0x00007f161019d000 DEOPT PACKING pc=0x00007f160d0e7514 sp=0x00007f1602134170
Event: 59.043 Thread 0x00007f161019d000 DEOPT UNPACKING pc=0x00007f160d039045 sp=0x00007f1602134058 mode 2
Event: 59.129 Executing VM operation: ParallelGCFailedAllocation


Dynamic libraries:
00400000-00401000 r-xp 00000000 08:05 4342183                            /usr/lib/jvm/java-7-openjdk-amd64/jre/bin/java
00600000-00601000 r--p 00000000 08:05 4342183                            /usr/lib/jvm/java-7-openjdk-amd64/jre/bin/java
00601000-00602000 rw-p 00001000 08:05 4342183                            /usr/lib/jvm/java-7-openjdk-amd64/jre/bin/java
01b2b000-01b4c000 rw-p 00000000 00:00 0                                  [heap]
b5a00000-b6f00000 rw-p 00000000 00:00 0 
b6f00000-c0000000 rw-p 00000000 00:00 0 
c0000000-c2b00000 rw-p 00000000 00:00 0 
c2b00000-eaa80000 rw-p 00000000 00:00 0 
eaa80000-f4380000 rw-p 00000000 00:00 0 
fcf80000-100000000 rw-p 00000000 00:00 0 
7f15bc000000-7f15bc02c000 rw-p 00000000 00:00 0 
7f15bc02c000-7f15c0000000 ---p 00000000 00:00 0 
7f15c4000000-7f15c402c000 rw-p 00000000 00:00 0 
7f15c402c000-7f15c8000000 ---p 00000000 00:00 0 
7f15c8000000-7f15c802b000 rw-p 00000000 00:00 0 
7f15c802b000-7f15cc000000 ---p 00000000 00:00 0 
7f15cc000000-7f15cc029000 rw-p 00000000 00:00 0 
7f15cc029000-7f15d0000000 ---p 00000000 00:00 0 
7f15d0000000-7f15d0021000 rw-p 00000000 00:00 0 
7f15d0021000-7f15d4000000 ---p 00000000 00:00 0 
7f15d4000000-7f15d4021000 rw-p 00000000 00:00 0 
7f15d4021000-7f15d8000000 ---p 00000000 00:00 0 
7f15d8000000-7f15d8021000 rw-p 00000000 00:00 0 
7f15d8021000-7f15dc000000 ---p 00000000 00:00 0 
7f15dc000000-7f15dd54b000 rw-p 00000000 00:00 0 
7f15dd54b000-7f15e0000000 ---p 00000000 00:00 0 
7f15e0000000-7f15e14c9000 rw-p 00000000 00:00 0 
7f15e14c9000-7f15e4000000 ---p 00000000 00:00 0 
7f15e4000000-7f15e4021000 rw-p 00000000 00:00 0 
7f15e4021000-7f15e8000000 ---p 00000000 00:00 0 
7f15e8000000-7f15e8021000 rw-p 00000000 00:00 0 
7f15e8021000-7f15ec000000 ---p 00000000 00:00 0 
7f15ec000000-7f15ec240000 rw-p 00000000 00:00 0 
7f15ec240000-7f15f0000000 ---p 00000000 00:00 0 
7f15f0000000-7f15f0021000 rw-p 00000000 00:00 0 
7f15f0021000-7f15f4000000 ---p 00000000 00:00 0 
7f15f4000000-7f15f4021000 rw-p 00000000 00:00 0 
7f15f4021000-7f15f8000000 ---p 00000000 00:00 0 
7f15f8000000-7f15f8021000 rw-p 00000000 00:00 0 
7f15f8021000-7f15fc000000 ---p 00000000 00:00 0 
7f15fc000000-7f15fc021000 rw-p 00000000 00:00 0 
7f15fc021000-7f1600000000 ---p 00000000 00:00 0 
7f1602035000-7f1602038000 ---p 00000000 00:00 0 
7f1602038000-7f1602136000 rw-p 00000000 00:00 0                          [stack:26178]
7f1602136000-7f1602139000 ---p 00000000 00:00 0 
7f1602139000-7f1602237000 rw-p 00000000 00:00 0                          [stack:26177]
7f1602237000-7f160223a000 ---p 00000000 00:00 0 
7f160223a000-7f1602338000 rw-p 00000000 00:00 0                          [stack:26176]
7f1602338000-7f160233b000 ---p 00000000 00:00 0 
7f160233b000-7f1602439000 rw-p 00000000 00:00 0                          [stack:26173]
7f1602439000-7f160243c000 ---p 00000000 00:00 0 
7f160243c000-7f160283b000 rw-p 00000000 00:00 0                          [stack:26172]
7f160283b000-7f16028a7000 r-xp 00000000 08:05 3932257                    /lib/x86_64-linux-gnu/libpcre.so.3.13.1
7f16028a7000-7f1602aa6000 ---p 0006c000 08:05 3932257                    /lib/x86_64-linux-gnu/libpcre.so.3.13.1
7f1602aa6000-7f1602aa7000 r--p 0006b000 08:05 3932257                    /lib/x86_64-linux-gnu/libpcre.so.3.13.1
7f1602aa7000-7f1602aa8000 rw-p 0006c000 08:05 3932257                    /lib/x86_64-linux-gnu/libpcre.so.3.13.1
7f1602aa8000-7f1602aaf000 r-xp 00000000 08:05 4334788                    /usr/lib/x86_64-linux-gnu/libffi.so.6.0.4
7f1602aaf000-7f1602cae000 ---p 00007000 08:05 4334788                    /usr/lib/x86_64-linux-gnu/libffi.so.6.0.4
7f1602cae000-7f1602caf000 r--p 00006000 08:05 4334788                    /usr/lib/x86_64-linux-gnu/libffi.so.6.0.4
7f1602caf000-7f1602cb0000 rw-p 00007000 08:05 4334788                    /usr/lib/x86_64-linux-gnu/libffi.so.6.0.4
7f1602cb0000-7f1602cc7000 r-xp 00000000 08:05 3936749                    /lib/x86_64-linux-gnu/libresolv-2.21.so
7f1602cc7000-7f1602ec7000 ---p 00017000 08:05 3936749                    /lib/x86_64-linux-gnu/libresolv-2.21.so
7f1602ec7000-7f1602ec9000 r--p 00017000 08:05 3936749                    /lib/x86_64-linux-gnu/libresolv-2.21.so
7f1602ec9000-7f1602eca000 rw-p 00019000 08:05 3936749                    /lib/x86_64-linux-gnu/libresolv-2.21.so
7f1602eca000-7f1602ecc000 rw-p 00000000 00:00 0 
7f1602ecc000-7f1602eed000 r-xp 00000000 08:05 3936753                    /lib/x86_64-linux-gnu/libselinux.so.1
7f1602eed000-7f16030ec000 ---p 00021000 08:05 3936753                    /lib/x86_64-linux-gnu/libselinux.so.1
7f16030ec000-7f16030ed000 r--p 00020000 08:05 3936753                    /lib/x86_64-linux-gnu/libselinux.so.1
7f16030ed000-7f16030ee000 rw-p 00021000 08:05 3936753                    /lib/x86_64-linux-gnu/libselinux.so.1
7f16030ee000-7f16030f0000 rw-p 00000000 00:00 0 
7f16030f0000-7f16030f3000 r-xp 00000000 08:05 4325799                    /usr/lib/x86_64-linux-gnu/libgmodule-2.0.so.0.4400.1
7f16030f3000-7f16032f2000 ---p 00003000 08:05 4325799                    /usr/lib/x86_64-linux-gnu/libgmodule-2.0.so.0.4400.1
7f16032f2000-7f16032f3000 r--p 00002000 08:05 4325799                    /usr/lib/x86_64-linux-gnu/libgmodule-2.0.so.0.4400.1
7f16032f3000-7f16032f4000 rw-p 00003000 08:05 4325799                    /usr/lib/x86_64-linux-gnu/libgmodule-2.0.so.0.4400.1
7f16032f4000-7f1603401000 r-xp 00000000 08:05 3936514                    /lib/x86_64-linux-gnu/libglib-2.0.so.0.4400.1
7f1603401000-7f1603600000 ---p 0010d000 08:05 3936514                    /lib/x86_64-linux-gnu/libglib-2.0.so.0.4400.1
7f1603600000-7f1603601000 r--p 0010c000 08:05 3936514                    /lib/x86_64-linux-gnu/libglib-2.0.so.0.4400.1
7f1603601000-7f1603602000 rw-p 0010d000 08:05 3936514                    /lib/x86_64-linux-gnu/libglib-2.0.so.0.4400.1
7f1603602000-7f1603603000 rw-p 00000000 00:00 0 
7f1603603000-7f1603653000 r-xp 00000000 08:05 4325759                    /usr/lib/x86_64-linux-gnu/libgobject-2.0.so.0.4400.1
7f1603653000-7f1603853000 ---p 00050000 08:05 4325759                    /usr/lib/x86_64-linux-gnu/libgobject-2.0.so.0.4400.1
7f1603853000-7f1603854000 r--p 00050000 08:05 4325759                    /usr/lib/x86_64-linux-gnu/libgobject-2.0.so.0.4400.1
7f1603854000-7f1603855000 rw-p 00051000 08:05 4325759                    /usr/lib/x86_64-linux-gnu/libgobject-2.0.so.0.4400.1
7f1603855000-7f16039cd000 r-xp 00000000 08:05 4325781                    /usr/lib/x86_64-linux-gnu/libgio-2.0.so.0.4400.1
7f16039cd000-7f1603bcd000 ---p 00178000 08:05 4325781                    /usr/lib/x86_64-linux-gnu/libgio-2.0.so.0.4400.1
7f1603bcd000-7f1603bd1000 r--p 00178000 08:05 4325781                    /usr/lib/x86_64-linux-gnu/libgio-2.0.so.0.4400.1
7f1603bd1000-7f1603bd3000 rw-p 0017c000 08:05 4325781                    /usr/lib/x86_64-linux-gnu/libgio-2.0.so.0.4400.1
7f1603bd3000-7f1603bd5000 rw-p 00000000 00:00 0 
7f1603bd5000-7f1603bed000 r-xp 00000000 08:05 4342238                    /usr/lib/jvm/java-7-openjdk-amd64/jre/lib/amd64/libnet.so
7f1603bed000-7f1603dec000 ---p 00018000 08:05 4342238                    /usr/lib/jvm/java-7-openjdk-amd64/jre/lib/amd64/libnet.so
7f1603dec000-7f1603ded000 r--p 00017000 08:05 4342238                    /usr/lib/jvm/java-7-openjdk-amd64/jre/lib/amd64/libnet.so
7f1603ded000-7f1603dee000 rw-p 00018000 08:05 4342238                    /usr/lib/jvm/java-7-openjdk-amd64/jre/lib/amd64/libnet.so
7f1603dee000-7f1603dff000 r-xp 00000000 08:05 4342208                    /usr/lib/jvm/java-7-openjdk-amd64/jre/lib/amd64/libnio.so
7f1603dff000-7f1603ffe000 ---p 00011000 08:05 4342208                    /usr/lib/jvm/java-7-openjdk-amd64/jre/lib/amd64/libnio.so
7f1603ffe000-7f1603fff000 r--p 00010000 08:05 4342208                    /usr/lib/jvm/java-7-openjdk-amd64/jre/lib/amd64/libnio.so
7f1603fff000-7f1604000000 rw-p 00011000 08:05 4342208                    /usr/lib/jvm/java-7-openjdk-amd64/jre/lib/amd64/libnio.so
7f1604000000-7f1604021000 rw-p 00000000 00:00 0 
7f1604021000-7f1608000000 ---p 00000000 00:00 0 
7f1608097000-7f16080ac000 r--s 000e5000 08:05 3694332                    /home/tom/AndroidStudioProjects/WheelyGreatApp/app/build/intermediates/exploded-aar/com.android.support/support-v4/23.1.0/jars/classes.jar
7f16080ac000-7f16080bb000 r--s 000df000 08:05 2631379                    /home/tom/Android/Sdk/build-tools/23.0.1/lib/dx.jar
7f16080bb000-7f16080bc000 ---p 00000000 00:00 0 
7f16080bc000-7f16081bc000 rw-p 00000000 00:00 0                          [stack:26147]
7f16081bc000-7f16081bf000 ---p 00000000 00:00 0 
7f16081bf000-7f16082bd000 rw-p 00000000 00:00 0                          [stack:26146]
7f16082bd000-7f16082c0000 ---p 00000000 00:00 0 
7f16082c0000-7f16083be000 rw-p 00000000 00:00 0                          [stack:26144]
7f16083be000-7f16083c1000 ---p 00000000 00:00 0 
7f16083c1000-7f16084bf000 rw-p 00000000 00:00 0                          [stack:26143]
7f16084bf000-7f16084c2000 ---p 00000000 00:00 0 
7f16084c2000-7f16085c0000 rw-p 00000000 00:00 0                          [stack:26141]
7f16085c0000-7f1608ca2000 r--p 00000000 08:05 4333363                    /usr/lib/locale/locale-archive
7f1608ca2000-7f1608ca5000 ---p 00000000 00:00 0 
7f1608ca5000-7f1608da3000 rw-p 00000000 00:00 0                          [stack:26139]
7f1608da3000-7f1608da6000 ---p 00000000 00:00 0 
7f1608da6000-7f1608ea4000 rw-p 00000000 00:00 0                          [stack:26133]
7f1608ea4000-7f1608ea5000 ---p 00000000 00:00 0 
7f1608ea5000-7f1609fa2000 rw-p 00000000 00:00 0                          [stack:26131]
7f1609fa2000-7f160a154000 r--s 01d30000 08:05 4342202                    /usr/lib/jvm/java-7-openjdk-amd64/jre/lib/rt.jar
7f160a154000-7f160c9a8000 rw-p 00000000 00:00 0 
7f160c9a8000-7f160c9a9000 ---p 00000000 00:00 0 
7f160c9a9000-7f160caa9000 rw-p 00000000 00:00 0                          [stack:26124]
7f160caa9000-7f160caaa000 ---p 00000000 00:00 0 
7f160caaa000-7f160cbaa000 rw-p 00000000 00:00 0                          [stack:26123]
7f160cbaa000-7f160cbab000 ---p 00000000 00:00 0 
7f160cbab000-7f160ccab000 rw-p 00000000 00:00 0                          [stack:26122]
7f160ccab000-7f160ccac000 ---p 00000000 00:00 0 
7f160ccac000-7f160cdb7000 rw-p 00000000 00:00 0                          [stack:26120]
7f160cdb7000-7f160cdff000 rw-p 00000000 00:00 0 
7f160cdff000-7f160ce15000 rw-p 00000000 00:00 0 
7f160ce15000-7f160cf54000 rw-p 00000000 00:00 0 
7f160cf54000-7f160cfa1000 rw-p 00000000 00:00 0 
7f160cfa1000-7f160cfff000 rw-p 00000000 00:00 0 
7f160cfff000-7f160d000000 rw-p 00000000 00:00 0 
7f160d000000-7f160d270000 rwxp 00000000 00:00 0 
7f160d270000-7f16101cb000 rw-p 00000000 00:00 0 
7f16101cb000-7f1614000000 ---p 00000000 00:00 0 
7f1614005000-7f1614039000 rw-p 00000000 00:00 0 
7f1614039000-7f1614081000 rw-p 00000000 00:00 0 
7f1614081000-7f1614097000 rw-p 00000000 00:00 0 
7f1614097000-7f16141d7000 rw-p 00000000 00:00 0 
7f16141d7000-7f16141df000 r-xp 00000000 08:05 4342212                    /usr/lib/jvm/java-7-openjdk-amd64/jre/lib/amd64/libzip.so
7f16141df000-7f16143de000 ---p 00008000 08:05 4342212                    /usr/lib/jvm/java-7-openjdk-amd64/jre/lib/amd64/libzip.so
7f16143de000-7f16143df000 r--p 00007000 08:05 4342212                    /usr/lib/jvm/java-7-openjdk-amd64/jre/lib/amd64/libzip.so
7f16143df000-7f16143e0000 rw-p 00008000 08:05 4342212                    /usr/lib/jvm/java-7-openjdk-amd64/jre/lib/amd64/libzip.so
7f16143e0000-7f16143ec000 r-xp 00000000 08:05 3936696                    /lib/x86_64-linux-gnu/libnss_files-2.21.so
7f16143ec000-7f16145eb000 ---p 0000c000 08:05 3936696                    /lib/x86_64-linux-gnu/libnss_files-2.21.so
7f16145eb000-7f16145ec000 r--p 0000b000 08:05 3936696                    /lib/x86_64-linux-gnu/libnss_files-2.21.so
7f16145ec000-7f16145ed000 rw-p 0000c000 08:05 3936696                    /lib/x86_64-linux-gnu/libnss_files-2.21.so
7f16145ed000-7f16145f8000 r-xp 00000000 08:05 3936706                    /lib/x86_64-linux-gnu/libnss_nis-2.21.so
7f16145f8000-7f16147f7000 ---p 0000b000 08:05 3936706                    /lib/x86_64-linux-gnu/libnss_nis-2.21.so
7f16147f7000-7f16147f8000 r--p 0000a000 08:05 3936706                    /lib/x86_64-linux-gnu/libnss_nis-2.21.so
7f16147f8000-7f16147f9000 rw-p 0000b000 08:05 3936706                    /lib/x86_64-linux-gnu/libnss_nis-2.21.so
7f16147f9000-7f1614810000 r-xp 00000000 08:05 3936690                    /lib/x86_64-linux-gnu/libnsl-2.21.so
7f1614810000-7f1614a0f000 ---p 00017000 08:05 3936690                    /lib/x86_64-linux-gnu/libnsl-2.21.so
7f1614a0f000-7f1614a10000 r--p 00016000 08:05 3936690                    /lib/x86_64-linux-gnu/libnsl-2.21.so
7f1614a10000-7f1614a11000 rw-p 00017000 08:05 3936690                    /lib/x86_64-linux-gnu/libnsl-2.21.so
7f1614a11000-7f1614a13000 rw-p 00000000 00:00 0 
7f1614a13000-7f1614a1b000 r-xp 00000000 08:05 3936692                    /lib/x86_64-linux-gnu/libnss_compat-2.21.so
7f1614a1b000-7f1614c1a000 ---p 00008000 08:05 3936692                    /lib/x86_64-linux-gnu/libnss_compat-2.21.so
7f1614c1a000-7f1614c1b000 r--p 00007000 08:05 3936692                    /lib/x86_64-linux-gnu/libnss_compat-2.21.so
7f1614c1b000-7f1614c1c000 rw-p 00008000 08:05 3936692                    /lib/x86_64-linux-gnu/libnss_compat-2.21.so
7f1614c1c000-7f1614c49000 r-xp 00000000 08:05 4342220                    /usr/lib/jvm/java-7-openjdk-amd64/jre/lib/amd64/libjava.so
7f1614c49000-7f1614e48000 ---p 0002d000 08:05 4342220                    /usr/lib/jvm/java-7-openjdk-amd64/jre/lib/amd64/libjava.so
7f1614e48000-7f1614e49000 r--p 0002c000 08:05 4342220                    /usr/lib/jvm/java-7-openjdk-amd64/jre/lib/amd64/libjava.so
7f1614e49000-7f1614e4b000 rw-p 0002d000 08:05 4342220                    /usr/lib/jvm/java-7-openjdk-amd64/jre/lib/amd64/libjava.so
7f1614e4b000-7f1614e5a000 r-xp 00000000 08:05 4342234                    /usr/lib/jvm/java-7-openjdk-amd64/jre/lib/amd64/libverify.so
7f1614e5a000-7f1615059000 ---p 0000f000 08:05 4342234                    /usr/lib/jvm/java-7-openjdk-amd64/jre/lib/amd64/libverify.so
7f1615059000-7f161505c000 r--p 0000e000 08:05 4342234                    /usr/lib/jvm/java-7-openjdk-amd64/jre/lib/amd64/libverify.so
7f161505c000-7f161505d000 rw-p 00011000 08:05 4342234                    /usr/lib/jvm/java-7-openjdk-amd64/jre/lib/amd64/libverify.so
7f161505d000-7f1615064000 r-xp 00000000 08:05 3936751                    /lib/x86_64-linux-gnu/librt-2.21.so
7f1615064000-7f1615263000 ---p 00007000 08:05 3936751                    /lib/x86_64-linux-gnu/librt-2.21.so
7f1615263000-7f1615264000 r--p 00006000 08:05 3936751                    /lib/x86_64-linux-gnu/librt-2.21.so
7f1615264000-7f1615265000 rw-p 00007000 08:05 3936751                    /lib/x86_64-linux-gnu/librt-2.21.so
7f1615265000-7f161527b000 r-xp 00000000 08:05 3932175                    /lib/x86_64-linux-gnu/libgcc_s.so.1
7f161527b000-7f161547a000 ---p 00016000 08:05 3932175                    /lib/x86_64-linux-gnu/libgcc_s.so.1
7f161547a000-7f161547b000 rw-p 00015000 08:05 3932175                    /lib/x86_64-linux-gnu/libgcc_s.so.1
7f161547b000-7f1615582000 r-xp 00000000 08:05 3936669                    /lib/x86_64-linux-gnu/libm-2.21.so
7f1615582000-7f1615781000 ---p 00107000 08:05 3936669                    /lib/x86_64-linux-gnu/libm-2.21.so
7f1615781000-7f1615782000 r--p 00106000 08:05 3936669                    /lib/x86_64-linux-gnu/libm-2.21.so
7f1615782000-7f1615783000 rw-p 00107000 08:05 3936669                    /lib/x86_64-linux-gnu/libm-2.21.so
7f1615783000-7f1615873000 r-xp 00000000 08:05 4335461                    /usr/lib/x86_64-linux-gnu/libstdc++.so.6.0.20
7f1615873000-7f1615a73000 ---p 000f0000 08:05 4335461                    /usr/lib/x86_64-linux-gnu/libstdc++.so.6.0.20
7f1615a73000-7f1615a7b000 r--p 000f0000 08:05 4335461                    /usr/lib/x86_64-linux-gnu/libstdc++.so.6.0.20
7f1615a7b000-7f1615a7d000 rw-p 000f8000 08:05 4335461                    /usr/lib/x86_64-linux-gnu/libstdc++.so.6.0.20
7f1615a7d000-7f1615a92000 rw-p 00000000 00:00 0 
7f1615a92000-7f16165f2000 r-xp 00000000 08:05 4342226                    /usr/lib/jvm/java-7-openjdk-amd64/jre/lib/amd64/server/libjvm.so
7f16165f2000-7f16167f2000 ---p 00b60000 08:05 4342226                    /usr/lib/jvm/java-7-openjdk-amd64/jre/lib/amd64/server/libjvm.so
7f16167f2000-7f1616891000 r--p 00b60000 08:05 4342226                    /usr/lib/jvm/java-7-openjdk-amd64/jre/lib/amd64/server/libjvm.so
7f1616891000-7f16168b4000 rw-p 00bff000 08:05 4342226                    /usr/lib/jvm/java-7-openjdk-amd64/jre/lib/amd64/server/libjvm.so
7f16168b4000-7f16168e1000 rw-p 00000000 00:00 0 
7f16168e1000-7f16168fa000 r-xp 00000000 08:05 3936784                    /lib/x86_64-linux-gnu/libz.so.1.2.8
7f16168fa000-7f1616afa000 ---p 00019000 08:05 3936784                    /lib/x86_64-linux-gnu/libz.so.1.2.8
7f1616afa000-7f1616afb000 r--p 00019000 08:05 3936784                    /lib/x86_64-linux-gnu/libz.so.1.2.8
7f1616afb000-7f1616afc000 rw-p 0001a000 08:05 3936784                    /lib/x86_64-linux-gnu/libz.so.1.2.8
7f1616afc000-7f1616b14000 r-xp 00000000 08:05 3936743                    /lib/x86_64-linux-gnu/libpthread-2.21.so
7f1616b14000-7f1616d14000 ---p 00018000 08:05 3936743                    /lib/x86_64-linux-gnu/libpthread-2.21.so
7f1616d14000-7f1616d15000 r--p 00018000 08:05 3936743                    /lib/x86_64-linux-gnu/libpthread-2.21.so
7f1616d15000-7f1616d16000 rw-p 00019000 08:05 3936743                    /lib/x86_64-linux-gnu/libpthread-2.21.so
7f1616d16000-7f1616d1a000 rw-p 00000000 00:00 0 
7f1616d1a000-7f1616d1d000 r-xp 00000000 08:05 3936627                    /lib/x86_64-linux-gnu/libdl-2.21.so
7f1616d1d000-7f1616f1c000 ---p 00003000 08:05 3936627                    /lib/x86_64-linux-gnu/libdl-2.21.so
7f1616f1c000-7f1616f1d000 r--p 00002000 08:05 3936627                    /lib/x86_64-linux-gnu/libdl-2.21.so
7f1616f1d000-7f1616f1e000 rw-p 00003000 08:05 3936627                    /lib/x86_64-linux-gnu/libdl-2.21.so
7f1616f1e000-7f16170de000 r-xp 00000000 08:05 3936610                    /lib/x86_64-linux-gnu/libc-2.21.so
7f16170de000-7f16172de000 ---p 001c0000 08:05 3936610                    /lib/x86_64-linux-gnu/libc-2.21.so
7f16172de000-7f16172e2000 r--p 001c0000 08:05 3936610                    /lib/x86_64-linux-gnu/libc-2.21.so
7f16172e2000-7f16172e4000 rw-p 001c4000 08:05 3936610                    /lib/x86_64-linux-gnu/libc-2.21.so
7f16172e4000-7f16172e8000 rw-p 00000000 00:00 0 
7f16172e8000-7f16172f5000 r-xp 00000000 08:05 4342235                    /usr/lib/jvm/java-7-openjdk-amd64/jre/lib/amd64/jli/libjli.so
7f16172f5000-7f16174f4000 ---p 0000d000 08:05 4342235                    /usr/lib/jvm/java-7-openjdk-amd64/jre/lib/amd64/jli/libjli.so
7f16174f4000-7f16174f5000 r--p 0000c000 08:05 4342235                    /usr/lib/jvm/java-7-openjdk-amd64/jre/lib/amd64/jli/libjli.so
7f16174f5000-7f16174f6000 rw-p 0000d000 08:05 4342235                    /usr/lib/jvm/java-7-openjdk-amd64/jre/lib/amd64/jli/libjli.so
7f16174f6000-7f161751a000 r-xp 00000000 08:05 3936582                    /lib/x86_64-linux-gnu/ld-2.21.so
7f161751a000-7f161751b000 r--p 00000000 08:05 661967                     /usr/share/locale-langpack/en_GB/LC_MESSAGES/libc.mo
7f161751b000-7f161753d000 rw-p 00000000 00:00 0 
7f161753d000-7f16175f3000 rw-p 00000000 00:00 0 
7f16175f3000-7f16175f6000 ---p 00000000 00:00 0 
7f16175f6000-7f16176f9000 rw-p 00000000 00:00 0                          [stack:26116]
7f16176f9000-7f16176fa000 r--s 00002000 08:05 4342199                    /usr/lib/jvm/java-7-openjdk-amd64/jre/lib/ext/dnsns.jar
7f16176fa000-7f16176fe000 r--s 00085000 08:05 4342195                    /usr/lib/jvm/java-7-openjdk-amd64/jre/lib/ext/localedata.jar
7f16176fe000-7f1617700000 r--s 00006000 08:05 410404                     /usr/share/java/java-atk-wrapper.jar
7f1617700000-7f1617703000 r--s 0000f000 08:05 4342196                    /usr/lib/jvm/java-7-openjdk-amd64/jre/lib/ext/icedtea-sound.jar
7f1617703000-7f1617707000 r--s 00034000 08:05 4342197                    /usr/lib/jvm/java-7-openjdk-amd64/jre/lib/ext/sunjce_provider.jar
7f1617707000-7f161770b000 r--s 0003c000 08:05 4342198                    /usr/lib/jvm/java-7-openjdk-amd64/jre/lib/ext/sunpkcs11.jar
7f161770b000-7f161770d000 r--s 00012000 08:05 4342194                    /usr/lib/jvm/java-7-openjdk-amd64/jre/lib/ext/zipfs.jar
7f161770d000-7f1617715000 rw-s 00000000 08:05 3156314                    /tmp/hsperfdata_tom/26102
7f1617715000-7f1617716000 rw-p 00000000 00:00 0 
7f1617716000-7f1617717000 ---p 00000000 00:00 0 
7f1617717000-7f1617719000 rw-p 00000000 00:00 0 
7f1617719000-7f161771a000 r--p 00023000 08:05 3936582                    /lib/x86_64-linux-gnu/ld-2.21.so
7f161771a000-7f161771b000 rw-p 00024000 08:05 3936582                    /lib/x86_64-linux-gnu/ld-2.21.so
7f161771b000-7f161771c000 rw-p 00000000 00:00 0 
7ffe3617c000-7ffe3619d000 rw-p 00000000 00:00 0                          [stack]
7ffe361b3000-7ffe361b5000 r--p 00000000 00:00 0                          [vvar]
7ffe361b5000-7ffe361b7000 r-xp 00000000 00:00 0                          [vdso]
ffffffffff600000-ffffffffff601000 r-xp 00000000 00:00 0                  [vsyscall]

VM Arguments:
jvm_args: -Xmx1024M -Dfile.encoding=UTF-8 -Duser.country=GB -Duser.language=en -Duser.variant 
java_command: com.android.dx.command.Main --dex --num-threads=4 --output /home/tom/AndroidStudioProjects/WheelyGreatApp/app/build/intermediates/pre-dexed/debug/classes-ab80f7396246b695da9593eb8755056c52391732.jar /home/tom/AndroidStudioProjects/WheelyGreatApp/app/build/intermediates/exploded-aar/com.android.support/support-v4/23.1.0/jars/classes.jar
Launcher Type: SUN_STANDARD

Environment Variables:
PATH=/usr/local/sbin:/usr/local/bin:/usr/sbin:/usr/bin:/sbin:/bin:/usr/games:/usr/local/games
LD_LIBRARY_PATH=/home/tom/tools/android/android-studio/bin:
SHELL=/bin/bash
DISPLAY=:0

Signal Handlers:
SIGSEGV: [libjvm.so+0x992480], sa_mask[0]=0x7ffbfeff, sa_flags=0x10000004
SIGBUS: [libjvm.so+0x992480], sa_mask[0]=0x7ffbfeff, sa_flags=0x10000004
SIGFPE: [libjvm.so+0x7fed30], sa_mask[0]=0x7ffbfeff, sa_flags=0x10000004
SIGPIPE: [libjvm.so+0x7fed30], sa_mask[0]=0x7ffbfeff, sa_flags=0x10000004
SIGXFSZ: [libjvm.so+0x7fed30], sa_mask[0]=0x7ffbfeff, sa_flags=0x10000004
SIGILL: [libjvm.so+0x7fed30], sa_mask[0]=0x7ffbfeff, sa_flags=0x10000004
SIGUSR1: SIG_DFL, sa_mask[0]=0x00000000, sa_flags=0x00000000
SIGUSR2: [libjvm.so+0x7febb0], sa_mask[0]=0x00000004, sa_flags=0x10000004
SIGHUP: [libjvm.so+0x7fedb0], sa_mask[0]=0x7ffbfeff, sa_flags=0x10000004
SIGINT: [libjvm.so+0x7fedb0], sa_mask[0]=0x7ffbfeff, sa_flags=0x10000004
SIGTERM: [libjvm.so+0x7fedb0], sa_mask[0]=0x7ffbfeff, sa_flags=0x10000004
SIGQUIT: [libjvm.so+0x7fedb0], sa_mask[0]=0x7ffbfeff, sa_flags=0x10000004
SIGTRAP: SIG_DFL, sa_mask[0]=0x00000000, sa_flags=0x00000000


---------------  S Y S T E M  ---------------

OS:Ubuntu 15.04 (vivid)
uname:Linux 3.19.0-31-generic #36-Ubuntu SMP Wed Oct 7 15:04:02 UTC 2015 x86_64
libc:glibc 2.21 NPTL 2.21 
rlimit: STACK 8192k, CORE 0k, NPROC 14914, NOFILE 65536, AS infinity
load average:22.83 8.38 4.84

/proc/meminfo:
MemTotal:        3840316 kB
MemFree:          118716 kB
MemAvailable:      93772 kB
Buffers:            5312 kB
Cached:           268928 kB
SwapCached:         8204 kB
Active:          2370100 kB
Inactive:         808236 kB
Active(anon):    2328712 kB
Inactive(anon):   765092 kB
Active(file):      41388 kB
Inactive(file):    43144 kB
Unevictable:         212 kB
Mlocked:             212 kB
SwapTotal:       1048572 kB
SwapFree:           1464 kB
Dirty:               380 kB
Writeback:             0 kB
AnonPages:       2896336 kB
Mapped:           459000 kB
Shmem:            189512 kB
Slab:              70776 kB
SReclaimable:      34520 kB
SUnreclaim:        36256 kB
KernelStack:       10112 kB
PageTables:        38860 kB
NFS_Unstable:          0 kB
Bounce:                0 kB
WritebackTmp:          0 kB
CommitLimit:     2968728 kB
Committed_AS:    7846908 kB
VmallocTotal:   34359738367 kB
VmallocUsed:      547020 kB
VmallocChunk:   34359183964 kB
HardwareCorrupted:     0 kB
AnonHugePages:   1361920 kB
CmaTotal:              0 kB
CmaFree:               0 kB
HugePages_Total:       0
HugePages_Free:        0
HugePages_Rsvd:        0
HugePages_Surp:        0
Hugepagesize:       2048 kB
DirectMap4k:      133180 kB
DirectMap2M:     3852288 kB


CPU:total 4 (2 cores per cpu, 2 threads per core) family 6 model 37 stepping 5, cmov, cx8, fxsr, mmx, sse, sse2, sse3, ssse3, sse4.1, sse4.2, popcnt, aes, ht, tsc, tscinvbit

/proc/cpuinfo:
processor	: 0
vendor_id	: GenuineIntel
cpu family	: 6
model		: 37
model name	: Intel(R) Core(TM) i5 CPU       M 520  @ 2.40GHz
stepping	: 5
microcode	: 0x4
cpu MHz		: 2400.000
cache size	: 3072 KB
physical id	: 0
siblings	: 4
core id		: 0
cpu cores	: 2
apicid		: 0
initial apicid	: 0
fpu		: yes
fpu_exception	: yes
cpuid level	: 11
wp		: yes
flags		: fpu vme de pse tsc msr pae mce cx8 apic sep mtrr pge mca cmov pat pse36 clflush dts acpi mmx fxsr sse sse2 ss ht tm pbe syscall nx rdtscp lm constant_tsc arch_perfmon pebs bts rep_good nopl xtopology nonstop_tsc aperfmperf pni pclmulqdq dtes64 monitor ds_cpl vmx smx est tm2 ssse3 cx16 xtpr pdcm pcid sse4_1 sse4_2 popcnt aes lahf_lm ida arat dtherm tpr_shadow vnmi flexpriority ept vpid
bugs		:
bogomips	: 4787.85
clflush size	: 64
cache_alignment	: 64
address sizes	: 36 bits physical, 48 bits virtual
power management:

processor	: 1
vendor_id	: GenuineIntel
cpu family	: 6
model		: 37
model name	: Intel(R) Core(TM) i5 CPU       M 520  @ 2.40GHz
stepping	: 5
microcode	: 0x4
cpu MHz		: 2400.000
cache size	: 3072 KB
physical id	: 0
siblings	: 4
core id		: 0
cpu cores	: 2
apicid		: 1
initial apicid	: 1
fpu		: yes
fpu_exception	: yes
cpuid level	: 11
wp		: yes
flags		: fpu vme de pse tsc msr pae mce cx8 apic sep mtrr pge mca cmov pat pse36 clflush dts acpi mmx fxsr sse sse2 ss ht tm pbe syscall nx rdtscp lm constant_tsc arch_perfmon pebs bts rep_good nopl xtopology nonstop_tsc aperfmperf pni pclmulqdq dtes64 monitor ds_cpl vmx smx est tm2 ssse3 cx16 xtpr pdcm pcid sse4_1 sse4_2 popcnt aes lahf_lm ida arat dtherm tpr_shadow vnmi flexpriority ept vpid
bugs		:
bogomips	: 4787.85
clflush size	: 64
cache_alignment	: 64
address sizes	: 36 bits physical, 48 bits virtual
power management:

processor	: 2
vendor_id	: GenuineIntel
cpu family	: 6
model		: 37
model name	: Intel(R) Core(TM) i5 CPU       M 520  @ 2.40GHz
stepping	: 5
microcode	: 0x4
cpu MHz		: 1466.000
cache size	: 3072 KB
physical id	: 0
siblings	: 4
core id		: 2
cpu cores	: 2
apicid		: 4
initial apicid	: 4
fpu		: yes
fpu_exception	: yes
cpuid level	: 11
wp		: yes
flags		: fpu vme de pse tsc msr pae mce cx8 apic sep mtrr pge mca cmov pat pse36 clflush dts acpi mmx fxsr sse sse2 ss ht tm pbe syscall nx rdtscp lm constant_tsc arch_perfmon pebs bts rep_good nopl xtopology nonstop_tsc aperfmperf pni pclmulqdq dtes64 monitor ds_cpl vmx smx est tm2 ssse3 cx16 xtpr pdcm pcid sse4_1 sse4_2 popcnt aes lahf_lm ida arat dtherm tpr_shadow vnmi flexpriority ept vpid
bugs		:
bogomips	: 4787.85
clflush size	: 64
cache_alignment	: 64
address sizes	: 36 bits physical, 48 bits virtual
power management:

processor	: 3
vendor_id	: GenuineIntel
cpu family	: 6
model		: 37
model name	: Intel(R) Core(TM) i5 CPU       M 520  @ 2.40GHz
stepping	: 5
microcode	: 0x4
cpu MHz		: 1599.000
cache size	: 3072 KB
physical id	: 0
siblings	: 4
core id		: 2
cpu cores	: 2
apicid		: 5
initial apicid	: 5
fpu		: yes
fpu_exception	: yes
cpuid level	: 11
wp		: yes
flags		: fpu vme de pse tsc msr pae mce cx8 apic sep mtrr pge mca cmov pat pse36 clflush dts acpi mmx fxsr sse sse2 ss ht tm pbe syscall nx rdtscp lm constant_tsc arch_perfmon pebs bts rep_good nopl xtopology nonstop_tsc aperfmperf pni pclmulqdq dtes64 monitor ds_cpl vmx smx est tm2 ssse3 cx16 xtpr pdcm pcid sse4_1 sse4_2 popcnt aes lahf_lm ida arat dtherm tpr_shadow vnmi flexpriority ept vpid
bugs		:
bogomips	: 4787.85
clflush size	: 64
cache_alignment	: 64
address sizes	: 36 bits physical, 48 bits virtual
power management:



Memory: 4k page, physical 3840316k(118716k free), swap 1048572k(1464k free)

vm_info: OpenJDK 64-Bit Server VM (24.85-b03) for linux-amd64 JRE (1.7.0_85-b01), built on Oct 22 2015 10:09:03 by "buildd" with gcc 4.9.2

time: Tue Nov  3 15:55:53 2015
elapsed time: 59 seconds

