#
# There is insufficient memory for the Java Runtime Environment to continue.
# Native memory allocation (malloc) failed to allocate 65011712 bytes for committing reserved memory.
# Possible reasons:
#   The system is out of physical RAM or swap space
#   In 32 bit mode, the process size limit was hit
# Possible solutions:
#   Reduce memory load on the system
#   Increase physical memory or swap space
#   Check if swap backing store is full
#   Use 64 bit Java on a 64 bit OS
#   Decrease Java heap size (-Xmx/-Xms)
#   Decrease number of Java threads
#   Decrease Java thread stack sizes (-Xss)
#   Set larger code cache with -XX:ReservedCodeCacheSize=
# This output file may be truncated or incomplete.
#
#  Out of Memory Error (os_linux.cpp:2827), pid=22478, tid=140278137587456
#
# JRE version: OpenJDK Runtime Environment (7.0_85-b01) (build 1.7.0_85-b01)
# Java VM: OpenJDK 64-Bit Server VM (24.85-b03 mixed mode linux-amd64 compressed oops)
# Derivative: IcedTea 2.6.1
# Distribution: Ubuntu 15.04, package 7u85-2.6.1-5ubuntu0.15.04.1
# Failed to write core dump. Core dumps have been disabled. To enable core dumping, try "ulimit -c unlimited" before starting Java again
#

---------------  T H R E A D  ---------------

Current thread (0x00007f9510076000):  VMThread [stack: 0x00007f950c7f8000,0x00007f950c8f9000] [id=22487]

Stack: [0x00007f950c7f8000,0x00007f950c8f9000],  sp=0x00007f950c8f74c0,  free space=1021k
Native frames: (J=compiled Java code, j=interpreted, Vv=VM code, C=native code)
V  [libjvm.so+0x991996]  VMError::report_and_die()+0x186
V  [libjvm.so+0x4933a2]  report_vm_out_of_memory(char const*, int, unsigned long, char const*)+0x92
V  [libjvm.so+0x8037eb]  os::pd_commit_memory(char*, unsigned long, unsigned long, bool)+0xeb
V  [libjvm.so+0x7fdece]  os::commit_memory(char*, unsigned long, unsigned long, bool)+0x2e
V  [libjvm.so+0x871ccb]  PSVirtualSpace::expand_by(unsigned long)+0x5b
V  [libjvm.so+0x86050a]  PSOldGen::expand_by(unsigned long) [clone .part.28]+0x2a
V  [libjvm.so+0x8606c0]  PSOldGen::expand(unsigned long) [clone .part.29]+0xc0
V  [libjvm.so+0x861658]  PSOldGen::resize(unsigned long)+0x198
V  [libjvm.so+0x868844]  PSParallelCompact::invoke_no_policy(bool) [clone .part.121]+0x994
V  [libjvm.so+0x86f5e5]  PSScavenge::invoke()+0x1a5
V  [libjvm.so+0x826b43]  ParallelScavengeHeap::failed_mem_allocate(unsigned long)+0x63
V  [libjvm.so+0x993262]  VM_ParallelGCFailedAllocation::doit()+0x92
V  [libjvm.so+0x9976e7]  VM_Operation::evaluate()+0x47
V  [libjvm.so+0x995e5b]  VMThread::evaluate_operation(VM_Operation*)+0xab
V  [libjvm.so+0x996506]  VMThread::loop()+0x1e6
V  [libjvm.so+0x9969d1]  VMThread::run()+0x81
V  [libjvm.so+0x800712]  java_start(Thread*)+0xf2

VM_Operation (0x00007f94ff888110): ParallelGCFailedAllocation, mode: safepoint, requested by thread 0x00007f95101a5800


---------------  P R O C E S S  ---------------

Java Threads: ( => current thread )
  0x00007f95101bc800 JavaThread "pool-2-thread-4" [_thread_blocked, id=22499, stack(0x00007f94ff385000,0x00007f94ff486000)]
  0x00007f95101bb000 JavaThread "pool-2-thread-3" [_thread_blocked, id=22498, stack(0x00007f94ff486000,0x00007f94ff587000)]
  0x00007f95101b9000 JavaThread "pool-2-thread-2" [_thread_blocked, id=22497, stack(0x00007f94ff587000,0x00007f94ff688000)]
  0x00007f95101b2800 JavaThread "pool-3-thread-1" [_thread_blocked, id=22496, stack(0x00007f94ff688000,0x00007f94ff789000)]
  0x00007f95101a5800 JavaThread "pool-2-thread-1" [_thread_blocked, id=22495, stack(0x00007f94ff789000,0x00007f94ff88a000)]
  0x00007f95100af800 JavaThread "Service Thread" daemon [_thread_blocked, id=22493, stack(0x00007f950c1f2000,0x00007f950c2f3000)]
  0x00007f95100ad000 JavaThread "C2 CompilerThread1" daemon [_thread_blocked, id=22492, stack(0x00007f950c2f3000,0x00007f950c3f4000)]
  0x00007f95100aa000 JavaThread "C2 CompilerThread0" daemon [_thread_blocked, id=22491, stack(0x00007f950c3f4000,0x00007f950c4f5000)]
  0x00007f95100a8000 JavaThread "Signal Dispatcher" daemon [_thread_blocked, id=22490, stack(0x00007f950c4f5000,0x00007f950c5f6000)]
  0x00007f951007c800 JavaThread "Finalizer" daemon [_thread_blocked, id=22489, stack(0x00007f950c5f6000,0x00007f950c6f7000)]
  0x00007f951007a800 JavaThread "Reference Handler" daemon [_thread_blocked, id=22488, stack(0x00007f950c6f7000,0x00007f950c7f8000)]
  0x00007f951000a000 JavaThread "main" [_thread_blocked, id=22482, stack(0x00007f9518abd000,0x00007f9518bbe000)]

Other Threads:
=>0x00007f9510076000 VMThread [stack: 0x00007f950c7f8000,0x00007f950c8f9000] [id=22487]
  0x00007f95100ba800 WatcherThread [stack: 0x00007f950c0f1000,0x00007f950c1f2000] [id=22494]

VM state:at safepoint (normal execution)

VM Mutex/Monitor currently owned by a thread:  ([mutex/lock_event])
[0x00007f9510006330] ExpandHeap_lock - owner thread: 0x00007f9510076000
[0x00007f95100069b0] Threads_lock - owner thread: 0x00007f9510076000
[0x00007f9510006eb0] Heap_lock - owner thread: 0x00007f95101a5800

Heap
 PSYoungGen      total 250368K, used 10705K [0x00000000eaa80000, 0x00000000fd780000, 0x0000000100000000)
  eden space 221184K, 0% used [0x00000000eaa80000,0x00000000eaa80000,0x00000000f8280000)
  from space 29184K, 36% used [0x00000000f9580000,0x00000000f9ff4510,0x00000000fb200000)
  to   space 38400K, 0% used [0x00000000fb200000,0x00000000fb200000,0x00000000fd780000)
 ParOldGen       total 82944K, used 82798K [0x00000000c0000000, 0x00000000c5100000, 0x00000000eaa80000)
  object space 82944K, 99% used [0x00000000c0000000,0x00000000c50dba08,0x00000000c5100000)
 PSPermGen       total 21504K, used 6296K [0x00000000b5a00000, 0x00000000b6f00000, 0x00000000c0000000)
  object space 21504K, 29% used [0x00000000b5a00000,0x00000000b60263a0,0x00000000b6f00000)

Card table byte_map: [0x00007f951544d000,0x00007f95156a1000] byte_map_base: 0x00007f9514ea0000

Polling page: 0x00007f9518be0000

Code Cache  [0x00007f950d000000, 0x00007f950d270000, 0x00007f9510000000)
 total_blobs=835 nmethods=605 adapters=184 free_code_cache=46814Kb largest_free_block=47891328

Compilation events (10 events):
Event: 18.205 Thread 0x00007f95100aa000 nmethod 622 0x00007f950d249f10 code [0x00007f950d24a060, 0x00007f950d24a158]
Event: 18.205 Thread 0x00007f95100aa000  623             com.android.dx.cf.direct.DirectClassFile::getConstantPool (9 bytes)
Event: 18.247 Thread 0x00007f95100aa000 nmethod 623 0x00007f950d24c150 code [0x00007f950d24c2a0, 0x00007f950d24c388]
Event: 18.247 Thread 0x00007f95100aa000  624             java.util.TreeMap::setColor (10 bytes)
Event: 18.248 Thread 0x00007f95100aa000 nmethod 624 0x00007f950d249d10 code [0x00007f950d249e40, 0x00007f950d249e98]
Event: 18.252 Thread 0x00007f95100aa000  625             com.android.dx.rop.cst.CstType::getClassType (5 bytes)
Event: 18.252 Thread 0x00007f95100aa000 nmethod 625 0x00007f950d24bf50 code [0x00007f950d24c080, 0x00007f950d24c0d8]
Event: 18.252 Thread 0x00007f95100aa000  626             com.android.dx.cf.code.Ropper::labelToResultIndex (47 bytes)
Event: 18.273 Thread 0x00007f95100aa000 nmethod 626 0x00007f950d24b9d0 code [0x00007f950d24bb40, 0x00007f950d24bdd8]
Event: 18.273 Thread 0x00007f95100aa000  627   !         com.android.dx.cf.direct.AttributeListParser::parse (323 bytes)

GC Heap History (10 events):
Event: 8.529 GC heap after
Heap after GC invocations=6 (full 0):
 PSYoungGen      total 137216K, used 11991K [0x00000000eaa80000, 0x00000000f4280000, 0x0000000100000000)
  eden space 124928K, 0% used [0x00000000eaa80000,0x00000000eaa80000,0x00000000f2480000)
  from space 12288K, 97% used [0x00000000f3280000,0x00000000f3e35ce8,0x00000000f3e80000)
  to   space 14336K, 0% used [0x00000000f2480000,0x00000000f2480000,0x00000000f3280000)
 ParOldGen       total 39936K, used 26040K [0x00000000c0000000, 0x00000000c2700000, 0x00000000eaa80000)
  object space 39936K, 65% used [0x00000000c0000000,0x00000000c196e210,0x00000000c2700000)
 PSPermGen       total 21504K, used 6187K [0x00000000b5a00000, 0x00000000b6f00000, 0x00000000c0000000)
  object space 21504K, 28% used [0x00000000b5a00000,0x00000000b600ae20,0x00000000b6f00000)
}
Event: 11.736 GC heap before
{Heap before GC invocations=7 (full 0):
 PSYoungGen      total 137216K, used 136919K [0x00000000eaa80000, 0x00000000f4280000, 0x0000000100000000)
  eden space 124928K, 100% used [0x00000000eaa80000,0x00000000f2480000,0x00000000f2480000)
  from space 12288K, 97% used [0x00000000f3280000,0x00000000f3e35ce8,0x00000000f3e80000)
  to   space 14336K, 0% used [0x00000000f2480000,0x00000000f2480000,0x00000000f3280000)
 ParOldGen       total 39936K, used 26040K [0x00000000c0000000, 0x00000000c2700000, 0x00000000eaa80000)
  object space 39936K, 65% used [0x00000000c0000000,0x00000000c196e210,0x00000000c2700000)
 PSPermGen       total 21504K, used 6264K [0x00000000b5a00000, 0x00000000b6f00000, 0x00000000c0000000)
  object space 21504K, 29% used [0x00000000b5a00000,0x00000000b601e2f8,0x00000000b6f00000)
Event: 11.881 GC heap after
Heap after GC invocations=7 (full 0):
 PSYoungGen      total 139264K, used 14322K [0x00000000eaa80000, 0x00000000fce80000, 0x0000000100000000)
  eden space 124928K, 0% used [0x00000000eaa80000,0x00000000eaa80000,0x00000000f2480000)
  from space 14336K, 99% used [0x00000000f2480000,0x00000000f327cbf0,0x00000000f3280000)
  to   space 24576K, 0% used [0x00000000fb680000,0x00000000fb680000,0x00000000fce80000)
 ParOldGen       total 43008K, used 41911K [0x00000000c0000000, 0x00000000c2a00000, 0x00000000eaa80000)
  object space 43008K, 97% used [0x00000000c0000000,0x00000000c28edf40,0x00000000c2a00000)
 PSPermGen       total 21504K, used 6264K [0x00000000b5a00000, 0x00000000b6f00000, 0x00000000c0000000)
  object space 21504K, 29% used [0x00000000b5a00000,0x00000000b601e2f8,0x00000000b6f00000)
}
Event: 11.881 GC heap before
{Heap before GC invocations=8 (full 1):
 PSYoungGen      total 139264K, used 14322K [0x00000000eaa80000, 0x00000000fce80000, 0x0000000100000000)
  eden space 124928K, 0% used [0x00000000eaa80000,0x00000000eaa80000,0x00000000f2480000)
  from space 14336K, 99% used [0x00000000f2480000,0x00000000f327cbf0,0x00000000f3280000)
  to   space 24576K, 0% used [0x00000000fb680000,0x00000000fb680000,0x00000000fce80000)
 ParOldGen       total 43008K, used 41911K [0x00000000c0000000, 0x00000000c2a00000, 0x00000000eaa80000)
  object space 43008K, 97% used [0x00000000c0000000,0x00000000c28edf40,0x00000000c2a00000)
 PSPermGen       total 21504K, used 6264K [0x00000000b5a00000, 0x00000000b6f00000, 0x00000000c0000000)
  object space 21504K, 29% used [0x00000000b5a00000,0x00000000b601e2f8,0x00000000b6f00000)
Event: 12.620 GC heap after
Heap after GC invocations=8 (full 1):
 PSYoungGen      total 139264K, used 7058K [0x00000000eaa80000, 0x00000000fce80000, 0x0000000100000000)
  eden space 124928K, 0% used [0x00000000eaa80000,0x00000000eaa80000,0x00000000f2480000)
  from space 14336K, 49% used [0x00000000f2480000,0x00000000f2b648b0,0x00000000f3280000)
  to   space 24576K, 0% used [0x00000000fb680000,0x00000000fb680000,0x00000000fce80000)
 ParOldGen       total 82944K, used 42571K [0x00000000c0000000, 0x00000000c5100000, 0x00000000eaa80000)
  object space 82944K, 51% used [0x00000000c0000000,0x00000000c2992f68,0x00000000c5100000)
 PSPermGen       total 21504K, used 6261K [0x00000000b5a00000, 0x00000000b6f00000, 0x00000000c0000000)
  object space 21504K, 29% used [0x00000000b5a00000,0x00000000b601d668,0x00000000b6f00000)
}
Event: 15.123 GC heap before
{Heap before GC invocations=9 (full 1):
 PSYoungGen      total 139264K, used 131986K [0x00000000eaa80000, 0x00000000fce80000, 0x0000000100000000)
  eden space 124928K, 100% used [0x00000000eaa80000,0x00000000f2480000,0x00000000f2480000)
  from space 14336K, 49% used [0x00000000f2480000,0x00000000f2b648b0,0x00000000f3280000)
  to   space 24576K, 0% used [0x00000000fb680000,0x00000000fb680000,0x00000000fce80000)
 ParOldGen       total 82944K, used 42571K [0x00000000c0000000, 0x00000000c5100000, 0x00000000eaa80000)
  object space 82944K, 51% used [0x00000000c0000000,0x00000000c2992f68,0x00000000c5100000)
 PSPermGen       total 21504K, used 6280K [0x00000000b5a00000, 0x00000000b6f00000, 0x00000000c0000000)
  object space 21504K, 29% used [0x00000000b5a00000,0x00000000b6022058,0x00000000b6f00000)
Event: 15.230 GC heap after
Heap after GC invocations=9 (full 1):
 PSYoungGen      total 198656K, used 24567K [0x00000000eaa80000, 0x00000000fce80000, 0x0000000100000000)
  eden space 174080K, 0% used [0x00000000eaa80000,0x00000000eaa80000,0x00000000f5480000)
  from space 24576K, 99% used [0x00000000fb680000,0x00000000fce7dd50,0x00000000fce80000)
  to   space 29184K, 0% used [0x00000000f9580000,0x00000000f9580000,0x00000000fb200000)
 ParOldGen       total 82944K, used 43589K [0x00000000c0000000, 0x00000000c5100000, 0x00000000eaa80000)
  object space 82944K, 52% used [0x00000000c0000000,0x00000000c2a91410,0x00000000c5100000)
 PSPermGen       total 21504K, used 6280K [0x00000000b5a00000, 0x00000000b6f00000, 0x00000000c0000000)
  object space 21504K, 29% used [0x00000000b5a00000,0x00000000b6022058,0x00000000b6f00000)
}
Event: 18.322 GC heap before
{Heap before GC invocations=10 (full 1):
 PSYoungGen      total 198656K, used 198647K [0x00000000eaa80000, 0x00000000fce80000, 0x0000000100000000)
  eden space 174080K, 100% used [0x00000000eaa80000,0x00000000f5480000,0x00000000f5480000)
  from space 24576K, 99% used [0x00000000fb680000,0x00000000fce7dd50,0x00000000fce80000)
  to   space 29184K, 0% used [0x00000000f9580000,0x00000000f9580000,0x00000000fb200000)
 ParOldGen       total 82944K, used 43589K [0x00000000c0000000, 0x00000000c5100000, 0x00000000eaa80000)
  object space 82944K, 52% used [0x00000000c0000000,0x00000000c2a91410,0x00000000c5100000)
 PSPermGen       total 21504K, used 6297K [0x00000000b5a00000, 0x00000000b6f00000, 0x00000000c0000000)
  object space 21504K, 29% used [0x00000000b5a00000,0x00000000b6026680,0x00000000b6f00000)
Event: 18.576 GC heap after
Heap after GC invocations=10 (full 1):
 PSYoungGen      total 250368K, used 29165K [0x00000000eaa80000, 0x00000000fd780000, 0x0000000100000000)
  eden space 221184K, 0% used [0x00000000eaa80000,0x00000000eaa80000,0x00000000f8280000)
  from space 29184K, 99% used [0x00000000f9580000,0x00000000fb1fb710,0x00000000fb200000)
  to   space 38400K, 0% used [0x00000000fb200000,0x00000000fb200000,0x00000000fd780000)
 ParOldGen       total 82944K, used 67097K [0x00000000c0000000, 0x00000000c5100000, 0x00000000eaa80000)
  object space 82944K, 80% used [0x00000000c0000000,0x00000000c4186530,0x00000000c5100000)
 PSPermGen       total 21504K, used 6297K [0x00000000b5a00000, 0x00000000b6f00000, 0x00000000c0000000)
  object space 21504K, 29% used [0x00000000b5a00000,0x00000000b6026680,0x00000000b6f00000)
}
Event: 18.576 GC heap before
{Heap before GC invocations=11 (full 2):
 PSYoungGen      total 250368K, used 29165K [0x00000000eaa80000, 0x00000000fd780000, 0x0000000100000000)
  eden space 221184K, 0% used [0x00000000eaa80000,0x00000000eaa80000,0x00000000f8280000)
  from space 29184K, 99% used [0x00000000f9580000,0x00000000fb1fb710,0x00000000fb200000)
  to   space 38400K, 0% used [0x00000000fb200000,0x00000000fb200000,0x00000000fd780000)
 ParOldGen       total 82944K, used 67097K [0x00000000c0000000, 0x00000000c5100000, 0x00000000eaa80000)
  object space 82944K, 80% used [0x00000000c0000000,0x00000000c4186530,0x00000000c5100000)
 PSPermGen       total 21504K, used 6297K [0x00000000b5a00000, 0x00000000b6f00000, 0x00000000c0000000)
  object space 21504K, 29% used [0x00000000b5a00000,0x00000000b6026680,0x00000000b6f00000)

Deoptimization events (10 events):
Event: 13.230 Thread 0x00007f951000a000 Uncommon trap: reason=class_check action=maybe_recompile pc=0x00007f950d162af4 method=com.android.dx.ssa.SCCP.replaceConstants()V @ 127
Event: 13.506 Thread 0x00007f95101bc800 Uncommon trap: reason=class_check action=maybe_recompile pc=0x00007f950d162af4 method=com.android.dx.ssa.SCCP.replaceConstants()V @ 127
Event: 13.670 Thread 0x00007f95101b9000 Uncommon trap: reason=class_check action=maybe_recompile pc=0x00007f950d162af4 method=com.android.dx.ssa.SCCP.replaceConstants()V @ 127
Event: 13.728 Thread 0x00007f951000a000 Uncommon trap: reason=unstable_if action=reinterpret pc=0x00007f950d1942d4 method=com.android.dx.rop.code.BasicBlockList.preferredSuccessorOf(Lcom/android/dx/rop/code/BasicBlock;)Lcom/android/dx/rop/code/BasicBlock; @ 58
Event: 13.989 Thread 0x00007f95101bc800 Uncommon trap: reason=bimorphic action=maybe_recompile pc=0x00007f950d19e4fc method=com.android.dx.ssa.LiteralOpUpgrader.tryReplacingWithConstant(Lcom/android/dx/ssa/NormalSsaInsn;)Z @ 62
Event: 14.404 Thread 0x00007f95101bb000 Uncommon trap: reason=null_check action=make_not_entrant pc=0x00007f950d1e496c method=com.android.dx.rop.cst.CstType.intern(Lcom/android/dx/rop/type/Type;)Lcom/android/dx/rop/cst/CstType; @ 13
Event: 14.475 Thread 0x00007f95101b9000 Uncommon trap: reason=bimorphic action=maybe_recompile pc=0x00007f950d19e4fc method=com.android.dx.ssa.LiteralOpUpgrader.tryReplacingWithConstant(Lcom/android/dx/ssa/NormalSsaInsn;)Z @ 62
Event: 17.632 Thread 0x00007f951000a000 Uncommon trap: reason=unstable_if action=reinterpret pc=0x00007f950d11da10 method=com.android.dx.ssa.SCCP.simulateStmt(Lcom/android/dx/ssa/SsaInsn;)V @ 435
Event: 18.087 Thread 0x00007f951000a000 Uncommon trap: reason=unstable_if action=reinterpret pc=0x00007f950d1a4ee4 method=com.android.dx.rop.code.LocalItem.compareHandlesNulls(Lcom/android/dx/rop/cst/CstString;Lcom/android/dx/rop/cst/CstString;)I @ 14
Event: 18.087 Thread 0x00007f951000a000 Uncommon trap: reason=unstable_if action=reinterpret pc=0x00007f950d0f0cf4 method=com.android.dx.rop.code.LocalItem.compareHandlesNulls(Lcom/android/dx/rop/cst/CstString;Lcom/android/dx/rop/cst/CstString;)I @ 14

Internal exceptions (10 events):
Event: 3.867 Thread 0x00007f95101a5800 Threw 0x00000000eb99f0c8 at /build/openjdk-7-X9jDCD/openjdk-7-7u85-2.6.1/build/openjdk/hotspot/src/share/vm/prims/jvm.cpp:1322
Event: 4.679 Thread 0x00007f951000a000 Threw 0x00000000eb84b028 at /build/openjdk-7-X9jDCD/openjdk-7-7u85-2.6.1/build/openjdk/hotspot/src/share/vm/prims/jvm.cpp:1322
Event: 5.490 Thread 0x00007f95101bc800 Implicit null exception at 0x00007f950d0c76fb to 0x00007f950d0c9389
Event: 6.867 Thread 0x00007f951000a000 Threw 0x00000000eb4d5390 at /build/openjdk-7-X9jDCD/openjdk-7-7u85-2.6.1/build/openjdk/hotspot/src/share/vm/prims/jvm.cpp:1322
Event: 7.251 Thread 0x00007f95101b9000 Threw 0x00000000ebf1da80 at /build/openjdk-7-X9jDCD/openjdk-7-7u85-2.6.1/build/openjdk/hotspot/src/share/vm/prims/jvm.cpp:1322
Event: 8.950 Thread 0x00007f951000a000 Threw 0x00000000eb5f1bd8 at /build/openjdk-7-X9jDCD/openjdk-7-7u85-2.6.1/build/openjdk/hotspot/src/share/vm/prims/jvm.cpp:1322
Event: 9.163 Thread 0x00007f951000a000 Threw 0x00000000ec2f66a0 at /build/openjdk-7-X9jDCD/openjdk-7-7u85-2.6.1/build/openjdk/hotspot/src/share/vm/prims/jvm.cpp:1322
Event: 14.404 Thread 0x00007f95101bb000 Implicit null exception at 0x00007f950d1e32e9 to 0x00007f950d1e4961
Event: 18.087 Thread 0x00007f951000a000 Implicit null exception at 0x00007f950d1a437f to 0x00007f950d1a4eb9
Event: 18.087 Thread 0x00007f951000a000 Implicit null exception at 0x00007f950d0f0b3a to 0x00007f950d0f0ce1

Events (10 events):
Event: 17.632 Thread 0x00007f951000a000 Uncommon trap: trap_request=0xffffff75 fr.pc=0x00007f950d11da10
Event: 17.632 Thread 0x00007f951000a000 DEOPT PACKING pc=0x00007f950d11da10 sp=0x00007f9518bbb9a0
Event: 17.632 Thread 0x00007f951000a000 DEOPT UNPACKING pc=0x00007f950d039045 sp=0x00007f9518bbb938 mode 2
Event: 18.087 Thread 0x00007f951000a000 Uncommon trap: trap_request=0xffffff75 fr.pc=0x00007f950d1a4ee4
Event: 18.087 Thread 0x00007f951000a000 DEOPT PACKING pc=0x00007f950d1a4ee4 sp=0x00007f9518bbb920
Event: 18.087 Thread 0x00007f951000a000 DEOPT UNPACKING pc=0x00007f950d039045 sp=0x00007f9518bbb688 mode 2
Event: 18.087 Thread 0x00007f951000a000 Uncommon trap: trap_request=0xffffff75 fr.pc=0x00007f950d0f0cf4
Event: 18.088 Thread 0x00007f951000a000 DEOPT PACKING pc=0x00007f950d0f0cf4 sp=0x00007f9518bbb7f0
Event: 18.088 Thread 0x00007f951000a000 DEOPT UNPACKING pc=0x00007f950d039045 sp=0x00007f9518bbb6f0 mode 2
Event: 18.312 Executing VM operation: ParallelGCFailedAllocation


Dynamic libraries:
00400000-00401000 r-xp 00000000 08:05 4342183                            /usr/lib/jvm/java-7-openjdk-amd64/jre/bin/java
00600000-00601000 r--p 00000000 08:05 4342183                            /usr/lib/jvm/java-7-openjdk-amd64/jre/bin/java
00601000-00602000 rw-p 00001000 08:05 4342183                            /usr/lib/jvm/java-7-openjdk-amd64/jre/bin/java
00e13000-00e34000 rw-p 00000000 00:00 0                                  [heap]
b5a00000-b6f00000 rw-p 00000000 00:00 0 
b6f00000-c0000000 rw-p 00000000 00:00 0 
c0000000-c5100000 rw-p 00000000 00:00 0 
c8f00000-eaa80000 rw-p 00000000 00:00 0 
eaa80000-fd780000 rw-p 00000000 00:00 0 
fd780000-100000000 rw-p 00000000 00:00 0 
7f94c0000000-7f94c0021000 rw-p 00000000 00:00 0 
7f94c0021000-7f94c4000000 ---p 00000000 00:00 0 
7f94c4000000-7f94c4036000 rw-p 00000000 00:00 0 
7f94c4036000-7f94c8000000 ---p 00000000 00:00 0 
7f94c8000000-7f94c8021000 rw-p 00000000 00:00 0 
7f94c8021000-7f94cc000000 ---p 00000000 00:00 0 
7f94cc000000-7f94cc022000 rw-p 00000000 00:00 0 
7f94cc022000-7f94d0000000 ---p 00000000 00:00 0 
7f94d0000000-7f94d0021000 rw-p 00000000 00:00 0 
7f94d0021000-7f94d4000000 ---p 00000000 00:00 0 
7f94d4000000-7f94d4035000 rw-p 00000000 00:00 0 
7f94d4035000-7f94d8000000 ---p 00000000 00:00 0 
7f94d8000000-7f94d9541000 rw-p 00000000 00:00 0 
7f94d9541000-7f94dc000000 ---p 00000000 00:00 0 
7f94dc000000-7f94dc021000 rw-p 00000000 00:00 0 
7f94dc021000-7f94e0000000 ---p 00000000 00:00 0 
7f94e0000000-7f94e0021000 rw-p 00000000 00:00 0 
7f94e0021000-7f94e4000000 ---p 00000000 00:00 0 
7f94e4000000-7f94e5c37000 rw-p 00000000 00:00 0 
7f94e5c37000-7f94e8000000 ---p 00000000 00:00 0 
7f94e8000000-7f94e8021000 rw-p 00000000 00:00 0 
7f94e8021000-7f94ec000000 ---p 00000000 00:00 0 
7f94ec000000-7f94ec021000 rw-p 00000000 00:00 0 
7f94ec021000-7f94f0000000 ---p 00000000 00:00 0 
7f94f0000000-7f94f0021000 rw-p 00000000 00:00 0 
7f94f0021000-7f94f4000000 ---p 00000000 00:00 0 
7f94f4000000-7f94f4240000 rw-p 00000000 00:00 0 
7f94f4240000-7f94f8000000 ---p 00000000 00:00 0 
7f94f8000000-7f94f8021000 rw-p 00000000 00:00 0 
7f94f8021000-7f94fc000000 ---p 00000000 00:00 0 
7f94ff385000-7f94ff388000 ---p 00000000 00:00 0 
7f94ff388000-7f94ff486000 rw-p 00000000 00:00 0                          [stack:22499]
7f94ff486000-7f94ff489000 ---p 00000000 00:00 0 
7f94ff489000-7f94ff587000 rw-p 00000000 00:00 0                          [stack:22498]
7f94ff587000-7f94ff58a000 ---p 00000000 00:00 0 
7f94ff58a000-7f94ff688000 rw-p 00000000 00:00 0                          [stack:22497]
7f94ff688000-7f94ff68b000 ---p 00000000 00:00 0 
7f94ff68b000-7f94ff789000 rw-p 00000000 00:00 0                          [stack:22496]
7f94ff789000-7f94ff78c000 ---p 00000000 00:00 0 
7f94ff78c000-7f94ffb8b000 rw-p 00000000 00:00 0                          [stack:22495]
7f94ffb8b000-7f94ffbf7000 r-xp 00000000 08:05 3932257                    /lib/x86_64-linux-gnu/libpcre.so.3.13.1
7f94ffbf7000-7f94ffdf6000 ---p 0006c000 08:05 3932257                    /lib/x86_64-linux-gnu/libpcre.so.3.13.1
7f94ffdf6000-7f94ffdf7000 r--p 0006b000 08:05 3932257                    /lib/x86_64-linux-gnu/libpcre.so.3.13.1
7f94ffdf7000-7f94ffdf8000 rw-p 0006c000 08:05 3932257                    /lib/x86_64-linux-gnu/libpcre.so.3.13.1
7f94ffdf8000-7f94ffdff000 r-xp 00000000 08:05 4334788                    /usr/lib/x86_64-linux-gnu/libffi.so.6.0.4
7f94ffdff000-7f94ffffe000 ---p 00007000 08:05 4334788                    /usr/lib/x86_64-linux-gnu/libffi.so.6.0.4
7f94ffffe000-7f94fffff000 r--p 00006000 08:05 4334788                    /usr/lib/x86_64-linux-gnu/libffi.so.6.0.4
7f94fffff000-7f9500000000 rw-p 00007000 08:05 4334788                    /usr/lib/x86_64-linux-gnu/libffi.so.6.0.4
7f9500000000-7f9500021000 rw-p 00000000 00:00 0 
7f9500021000-7f9504000000 ---p 00000000 00:00 0 
7f950409e000-7f95040b5000 r-xp 00000000 08:05 3936749                    /lib/x86_64-linux-gnu/libresolv-2.21.so
7f95040b5000-7f95042b5000 ---p 00017000 08:05 3936749                    /lib/x86_64-linux-gnu/libresolv-2.21.so
7f95042b5000-7f95042b7000 r--p 00017000 08:05 3936749                    /lib/x86_64-linux-gnu/libresolv-2.21.so
7f95042b7000-7f95042b8000 rw-p 00019000 08:05 3936749                    /lib/x86_64-linux-gnu/libresolv-2.21.so
7f95042b8000-7f95042ba000 rw-p 00000000 00:00 0 
7f95042ba000-7f95042db000 r-xp 00000000 08:05 3936753                    /lib/x86_64-linux-gnu/libselinux.so.1
7f95042db000-7f95044da000 ---p 00021000 08:05 3936753                    /lib/x86_64-linux-gnu/libselinux.so.1
7f95044da000-7f95044db000 r--p 00020000 08:05 3936753                    /lib/x86_64-linux-gnu/libselinux.so.1
7f95044db000-7f95044dc000 rw-p 00021000 08:05 3936753                    /lib/x86_64-linux-gnu/libselinux.so.1
7f95044dc000-7f95044de000 rw-p 00000000 00:00 0 
7f95044de000-7f95044e1000 r-xp 00000000 08:05 4325799                    /usr/lib/x86_64-linux-gnu/libgmodule-2.0.so.0.4400.1
7f95044e1000-7f95046e0000 ---p 00003000 08:05 4325799                    /usr/lib/x86_64-linux-gnu/libgmodule-2.0.so.0.4400.1
7f95046e0000-7f95046e1000 r--p 00002000 08:05 4325799                    /usr/lib/x86_64-linux-gnu/libgmodule-2.0.so.0.4400.1
7f95046e1000-7f95046e2000 rw-p 00003000 08:05 4325799                    /usr/lib/x86_64-linux-gnu/libgmodule-2.0.so.0.4400.1
7f95046e2000-7f95047ef000 r-xp 00000000 08:05 3936514                    /lib/x86_64-linux-gnu/libglib-2.0.so.0.4400.1
7f95047ef000-7f95049ee000 ---p 0010d000 08:05 3936514                    /lib/x86_64-linux-gnu/libglib-2.0.so.0.4400.1
7f95049ee000-7f95049ef000 r--p 0010c000 08:05 3936514                    /lib/x86_64-linux-gnu/libglib-2.0.so.0.4400.1
7f95049ef000-7f95049f0000 rw-p 0010d000 08:05 3936514                    /lib/x86_64-linux-gnu/libglib-2.0.so.0.4400.1
7f95049f0000-7f95049f1000 rw-p 00000000 00:00 0 
7f95049f1000-7f9504a41000 r-xp 00000000 08:05 4325759                    /usr/lib/x86_64-linux-gnu/libgobject-2.0.so.0.4400.1
7f9504a41000-7f9504c41000 ---p 00050000 08:05 4325759                    /usr/lib/x86_64-linux-gnu/libgobject-2.0.so.0.4400.1
7f9504c41000-7f9504c42000 r--p 00050000 08:05 4325759                    /usr/lib/x86_64-linux-gnu/libgobject-2.0.so.0.4400.1
7f9504c42000-7f9504c43000 rw-p 00051000 08:05 4325759                    /usr/lib/x86_64-linux-gnu/libgobject-2.0.so.0.4400.1
7f9504c43000-7f9504dbb000 r-xp 00000000 08:05 4325781                    /usr/lib/x86_64-linux-gnu/libgio-2.0.so.0.4400.1
7f9504dbb000-7f9504fbb000 ---p 00178000 08:05 4325781                    /usr/lib/x86_64-linux-gnu/libgio-2.0.so.0.4400.1
7f9504fbb000-7f9504fbf000 r--p 00178000 08:05 4325781                    /usr/lib/x86_64-linux-gnu/libgio-2.0.so.0.4400.1
7f9504fbf000-7f9504fc1000 rw-p 0017c000 08:05 4325781                    /usr/lib/x86_64-linux-gnu/libgio-2.0.so.0.4400.1
7f9504fc1000-7f9504fc3000 rw-p 00000000 00:00 0 
7f9504fc3000-7f9504fdb000 r-xp 00000000 08:05 4342238                    /usr/lib/jvm/java-7-openjdk-amd64/jre/lib/amd64/libnet.so
7f9504fdb000-7f95051da000 ---p 00018000 08:05 4342238                    /usr/lib/jvm/java-7-openjdk-amd64/jre/lib/amd64/libnet.so
7f95051da000-7f95051db000 r--p 00017000 08:05 4342238                    /usr/lib/jvm/java-7-openjdk-amd64/jre/lib/amd64/libnet.so
7f95051db000-7f95051dc000 rw-p 00018000 08:05 4342238                    /usr/lib/jvm/java-7-openjdk-amd64/jre/lib/amd64/libnet.so
7f95051dc000-7f95051ed000 r-xp 00000000 08:05 4342208                    /usr/lib/jvm/java-7-openjdk-amd64/jre/lib/amd64/libnio.so
7f95051ed000-7f95053ec000 ---p 00011000 08:05 4342208                    /usr/lib/jvm/java-7-openjdk-amd64/jre/lib/amd64/libnio.so
7f95053ec000-7f95053ed000 r--p 00010000 08:05 4342208                    /usr/lib/jvm/java-7-openjdk-amd64/jre/lib/amd64/libnio.so
7f95053ed000-7f95053ee000 rw-p 00011000 08:05 4342208                    /usr/lib/jvm/java-7-openjdk-amd64/jre/lib/amd64/libnio.so
7f95053ee000-7f9505ad0000 r--p 00000000 08:05 4333363                    /usr/lib/locale/locale-archive
7f9505ad0000-7f9508000000 rw-p 00000000 00:00 0 
7f9508000000-7f9508021000 rw-p 00000000 00:00 0 
7f9508021000-7f950c000000 ---p 00000000 00:00 0 
7f950c0f1000-7f950c0f2000 ---p 00000000 00:00 0 
7f950c0f2000-7f950c1f2000 rw-p 00000000 00:00 0                          [stack:22494]
7f950c1f2000-7f950c1f5000 ---p 00000000 00:00 0 
7f950c1f5000-7f950c2f3000 rw-p 00000000 00:00 0                          [stack:22493]
7f950c2f3000-7f950c2f6000 ---p 00000000 00:00 0 
7f950c2f6000-7f950c3f4000 rw-p 00000000 00:00 0                          [stack:22492]
7f950c3f4000-7f950c3f7000 ---p 00000000 00:00 0 
7f950c3f7000-7f950c4f5000 rw-p 00000000 00:00 0                          [stack:22491]
7f950c4f5000-7f950c4f8000 ---p 00000000 00:00 0 
7f950c4f8000-7f950c5f6000 rw-p 00000000 00:00 0                          [stack:22490]
7f950c5f6000-7f950c5f9000 ---p 00000000 00:00 0 
7f950c5f9000-7f950c6f7000 rw-p 00000000 00:00 0                          [stack:22489]
7f950c6f7000-7f950c6fa000 ---p 00000000 00:00 0 
7f950c6fa000-7f950c7f8000 rw-p 00000000 00:00 0                          [stack:22488]
7f950c7f8000-7f950c7f9000 ---p 00000000 00:00 0 
7f950c7f9000-7f950d000000 rw-p 00000000 00:00 0                          [stack:22487]
7f950d000000-7f950d270000 rwxp 00000000 00:00 0 
7f950d270000-7f951021c000 rw-p 00000000 00:00 0 
7f951021c000-7f9514000000 ---p 00000000 00:00 0 
7f9514074000-7f9514075000 rw-p 00000000 00:00 0 
7f9514075000-7f951409d000 r--s 001c8000 08:05 4194834                    /home/tom/AndroidStudioProjects/WheelyGreatApp/app/build/intermediates/multi-dex/debug/allclasses.jar
7f951409d000-7f95140ac000 r--s 000df000 08:05 2631379                    /home/tom/Android/Sdk/build-tools/23.0.1/lib/dx.jar
7f95140ac000-7f95149a2000 rw-p 00000000 00:00 0 
7f95149a2000-7f9514b54000 r--s 01d30000 08:05 4342202                    /usr/lib/jvm/java-7-openjdk-amd64/jre/lib/rt.jar
7f9514b54000-7f9514ea0000 rw-p 00000000 00:00 0 
7f9514ea0000-7f9514ea1000 ---p 00000000 00:00 0 
7f9514ea1000-7f9514fa1000 rw-p 00000000 00:00 0                          [stack:22486]
7f9514fa1000-7f9514fa2000 ---p 00000000 00:00 0 
7f9514fa2000-7f95150a2000 rw-p 00000000 00:00 0                          [stack:22485]
7f95150a2000-7f95150a3000 ---p 00000000 00:00 0 
7f95150a3000-7f95151a3000 rw-p 00000000 00:00 0                          [stack:22484]
7f95151a3000-7f95151a4000 ---p 00000000 00:00 0 
7f95151a4000-7f95152af000 rw-p 00000000 00:00 0                          [stack:22483]
7f95152af000-7f95152f7000 rw-p 00000000 00:00 0 
7f95152f7000-7f9515320000 rw-p 00000000 00:00 0 
7f9515320000-7f951544d000 rw-p 00000000 00:00 0 
7f951544d000-7f9515458000 rw-p 00000000 00:00 0 
7f9515458000-7f95154a0000 rw-p 00000000 00:00 0 
7f95154a0000-7f95154c9000 rw-p 00000000 00:00 0 
7f95154c9000-7f95155f5000 rw-p 00000000 00:00 0 
7f95155f5000-7f951568c000 rw-p 00000000 00:00 0 
7f951568c000-7f95156a0000 rw-p 00000000 00:00 0 
7f95156a0000-7f95156a1000 rw-p 00000000 00:00 0 
7f95156a1000-7f95156a9000 r-xp 00000000 08:05 4342212                    /usr/lib/jvm/java-7-openjdk-amd64/jre/lib/amd64/libzip.so
7f95156a9000-7f95158a8000 ---p 00008000 08:05 4342212                    /usr/lib/jvm/java-7-openjdk-amd64/jre/lib/amd64/libzip.so
7f95158a8000-7f95158a9000 r--p 00007000 08:05 4342212                    /usr/lib/jvm/java-7-openjdk-amd64/jre/lib/amd64/libzip.so
7f95158a9000-7f95158aa000 rw-p 00008000 08:05 4342212                    /usr/lib/jvm/java-7-openjdk-amd64/jre/lib/amd64/libzip.so
7f95158aa000-7f95158b6000 r-xp 00000000 08:05 3936696                    /lib/x86_64-linux-gnu/libnss_files-2.21.so
7f95158b6000-7f9515ab5000 ---p 0000c000 08:05 3936696                    /lib/x86_64-linux-gnu/libnss_files-2.21.so
7f9515ab5000-7f9515ab6000 r--p 0000b000 08:05 3936696                    /lib/x86_64-linux-gnu/libnss_files-2.21.so
7f9515ab6000-7f9515ab7000 rw-p 0000c000 08:05 3936696                    /lib/x86_64-linux-gnu/libnss_files-2.21.so
7f9515ab7000-7f9515ac2000 r-xp 00000000 08:05 3936706                    /lib/x86_64-linux-gnu/libnss_nis-2.21.so
7f9515ac2000-7f9515cc1000 ---p 0000b000 08:05 3936706                    /lib/x86_64-linux-gnu/libnss_nis-2.21.so
7f9515cc1000-7f9515cc2000 r--p 0000a000 08:05 3936706                    /lib/x86_64-linux-gnu/libnss_nis-2.21.so
7f9515cc2000-7f9515cc3000 rw-p 0000b000 08:05 3936706                    /lib/x86_64-linux-gnu/libnss_nis-2.21.so
7f9515cc3000-7f9515cda000 r-xp 00000000 08:05 3936690                    /lib/x86_64-linux-gnu/libnsl-2.21.so
7f9515cda000-7f9515ed9000 ---p 00017000 08:05 3936690                    /lib/x86_64-linux-gnu/libnsl-2.21.so
7f9515ed9000-7f9515eda000 r--p 00016000 08:05 3936690                    /lib/x86_64-linux-gnu/libnsl-2.21.so
7f9515eda000-7f9515edb000 rw-p 00017000 08:05 3936690                    /lib/x86_64-linux-gnu/libnsl-2.21.so
7f9515edb000-7f9515edd000 rw-p 00000000 00:00 0 
7f9515edd000-7f9515ee5000 r-xp 00000000 08:05 3936692                    /lib/x86_64-linux-gnu/libnss_compat-2.21.so
7f9515ee5000-7f95160e4000 ---p 00008000 08:05 3936692                    /lib/x86_64-linux-gnu/libnss_compat-2.21.so
7f95160e4000-7f95160e5000 r--p 00007000 08:05 3936692                    /lib/x86_64-linux-gnu/libnss_compat-2.21.so
7f95160e5000-7f95160e6000 rw-p 00008000 08:05 3936692                    /lib/x86_64-linux-gnu/libnss_compat-2.21.so
7f95160e6000-7f9516113000 r-xp 00000000 08:05 4342220                    /usr/lib/jvm/java-7-openjdk-amd64/jre/lib/amd64/libjava.so
7f9516113000-7f9516312000 ---p 0002d000 08:05 4342220                    /usr/lib/jvm/java-7-openjdk-amd64/jre/lib/amd64/libjava.so
7f9516312000-7f9516313000 r--p 0002c000 08:05 4342220                    /usr/lib/jvm/java-7-openjdk-amd64/jre/lib/amd64/libjava.so
7f9516313000-7f9516315000 rw-p 0002d000 08:05 4342220                    /usr/lib/jvm/java-7-openjdk-amd64/jre/lib/amd64/libjava.so
7f9516315000-7f9516324000 r-xp 00000000 08:05 4342234                    /usr/lib/jvm/java-7-openjdk-amd64/jre/lib/amd64/libverify.so
7f9516324000-7f9516523000 ---p 0000f000 08:05 4342234                    /usr/lib/jvm/java-7-openjdk-amd64/jre/lib/amd64/libverify.so
7f9516523000-7f9516526000 r--p 0000e000 08:05 4342234                    /usr/lib/jvm/java-7-openjdk-amd64/jre/lib/amd64/libverify.so
7f9516526000-7f9516527000 rw-p 00011000 08:05 4342234                    /usr/lib/jvm/java-7-openjdk-amd64/jre/lib/amd64/libverify.so
7f9516527000-7f951652e000 r-xp 00000000 08:05 3936751                    /lib/x86_64-linux-gnu/librt-2.21.so
7f951652e000-7f951672d000 ---p 00007000 08:05 3936751                    /lib/x86_64-linux-gnu/librt-2.21.so
7f951672d000-7f951672e000 r--p 00006000 08:05 3936751                    /lib/x86_64-linux-gnu/librt-2.21.so
7f951672e000-7f951672f000 rw-p 00007000 08:05 3936751                    /lib/x86_64-linux-gnu/librt-2.21.so
7f951672f000-7f9516745000 r-xp 00000000 08:05 3932175                    /lib/x86_64-linux-gnu/libgcc_s.so.1
7f9516745000-7f9516944000 ---p 00016000 08:05 3932175                    /lib/x86_64-linux-gnu/libgcc_s.so.1
7f9516944000-7f9516945000 rw-p 00015000 08:05 3932175                    /lib/x86_64-linux-gnu/libgcc_s.so.1
7f9516945000-7f9516a4c000 r-xp 00000000 08:05 3936669                    /lib/x86_64-linux-gnu/libm-2.21.so
7f9516a4c000-7f9516c4b000 ---p 00107000 08:05 3936669                    /lib/x86_64-linux-gnu/libm-2.21.so
7f9516c4b000-7f9516c4c000 r--p 00106000 08:05 3936669                    /lib/x86_64-linux-gnu/libm-2.21.so
7f9516c4c000-7f9516c4d000 rw-p 00107000 08:05 3936669                    /lib/x86_64-linux-gnu/libm-2.21.so
7f9516c4d000-7f9516d3d000 r-xp 00000000 08:05 4335461                    /usr/lib/x86_64-linux-gnu/libstdc++.so.6.0.20
7f9516d3d000-7f9516f3d000 ---p 000f0000 08:05 4335461                    /usr/lib/x86_64-linux-gnu/libstdc++.so.6.0.20
7f9516f3d000-7f9516f45000 r--p 000f0000 08:05 4335461                    /usr/lib/x86_64-linux-gnu/libstdc++.so.6.0.20
7f9516f45000-7f9516f47000 rw-p 000f8000 08:05 4335461                    /usr/lib/x86_64-linux-gnu/libstdc++.so.6.0.20
7f9516f47000-7f9516f5c000 rw-p 00000000 00:00 0 
7f9516f5c000-7f9517abc000 r-xp 00000000 08:05 4342226                    /usr/lib/jvm/java-7-openjdk-amd64/jre/lib/amd64/server/libjvm.so
7f9517abc000-7f9517cbc000 ---p 00b60000 08:05 4342226                    /usr/lib/jvm/java-7-openjdk-amd64/jre/lib/amd64/server/libjvm.so
7f9517cbc000-7f9517d5b000 r--p 00b60000 08:05 4342226                    /usr/lib/jvm/java-7-openjdk-amd64/jre/lib/amd64/server/libjvm.so
7f9517d5b000-7f9517d7e000 rw-p 00bff000 08:05 4342226                    /usr/lib/jvm/java-7-openjdk-amd64/jre/lib/amd64/server/libjvm.so
7f9517d7e000-7f9517dab000 rw-p 00000000 00:00 0 
7f9517dab000-7f9517dc4000 r-xp 00000000 08:05 3936784                    /lib/x86_64-linux-gnu/libz.so.1.2.8
7f9517dc4000-7f9517fc4000 ---p 00019000 08:05 3936784                    /lib/x86_64-linux-gnu/libz.so.1.2.8
7f9517fc4000-7f9517fc5000 r--p 00019000 08:05 3936784                    /lib/x86_64-linux-gnu/libz.so.1.2.8
7f9517fc5000-7f9517fc6000 rw-p 0001a000 08:05 3936784                    /lib/x86_64-linux-gnu/libz.so.1.2.8
7f9517fc6000-7f9517fde000 r-xp 00000000 08:05 3936743                    /lib/x86_64-linux-gnu/libpthread-2.21.so
7f9517fde000-7f95181de000 ---p 00018000 08:05 3936743                    /lib/x86_64-linux-gnu/libpthread-2.21.so
7f95181de000-7f95181df000 r--p 00018000 08:05 3936743                    /lib/x86_64-linux-gnu/libpthread-2.21.so
7f95181df000-7f95181e0000 rw-p 00019000 08:05 3936743                    /lib/x86_64-linux-gnu/libpthread-2.21.so
7f95181e0000-7f95181e4000 rw-p 00000000 00:00 0 
7f95181e4000-7f95181e7000 r-xp 00000000 08:05 3936627                    /lib/x86_64-linux-gnu/libdl-2.21.so
7f95181e7000-7f95183e6000 ---p 00003000 08:05 3936627                    /lib/x86_64-linux-gnu/libdl-2.21.so
7f95183e6000-7f95183e7000 r--p 00002000 08:05 3936627                    /lib/x86_64-linux-gnu/libdl-2.21.so
7f95183e7000-7f95183e8000 rw-p 00003000 08:05 3936627                    /lib/x86_64-linux-gnu/libdl-2.21.so
7f95183e8000-7f95185a8000 r-xp 00000000 08:05 3936610                    /lib/x86_64-linux-gnu/libc-2.21.so
7f95185a8000-7f95187a8000 ---p 001c0000 08:05 3936610                    /lib/x86_64-linux-gnu/libc-2.21.so
7f95187a8000-7f95187ac000 r--p 001c0000 08:05 3936610                    /lib/x86_64-linux-gnu/libc-2.21.so
7f95187ac000-7f95187ae000 rw-p 001c4000 08:05 3936610                    /lib/x86_64-linux-gnu/libc-2.21.so
7f95187ae000-7f95187b2000 rw-p 00000000 00:00 0 
7f95187b2000-7f95187bf000 r-xp 00000000 08:05 4342235                    /usr/lib/jvm/java-7-openjdk-amd64/jre/lib/amd64/jli/libjli.so
7f95187bf000-7f95189be000 ---p 0000d000 08:05 4342235                    /usr/lib/jvm/java-7-openjdk-amd64/jre/lib/amd64/jli/libjli.so
7f95189be000-7f95189bf000 r--p 0000c000 08:05 4342235                    /usr/lib/jvm/java-7-openjdk-amd64/jre/lib/amd64/jli/libjli.so
7f95189bf000-7f95189c0000 rw-p 0000d000 08:05 4342235                    /usr/lib/jvm/java-7-openjdk-amd64/jre/lib/amd64/jli/libjli.so
7f95189c0000-7f95189e4000 r-xp 00000000 08:05 3936582                    /lib/x86_64-linux-gnu/ld-2.21.so
7f95189e4000-7f95189e5000 r--p 00000000 08:05 661967                     /usr/share/locale-langpack/en_GB/LC_MESSAGES/libc.mo
7f95189e5000-7f9518a07000 rw-p 00000000 00:00 0 
7f9518a07000-7f9518abd000 rw-p 00000000 00:00 0 
7f9518abd000-7f9518ac0000 ---p 00000000 00:00 0 
7f9518ac0000-7f9518bc3000 rw-p 00000000 00:00 0                          [stack:22482]
7f9518bc3000-7f9518bc4000 r--s 00002000 08:05 4342199                    /usr/lib/jvm/java-7-openjdk-amd64/jre/lib/ext/dnsns.jar
7f9518bc4000-7f9518bc8000 r--s 00085000 08:05 4342195                    /usr/lib/jvm/java-7-openjdk-amd64/jre/lib/ext/localedata.jar
7f9518bc8000-7f9518bca000 r--s 00006000 08:05 410404                     /usr/share/java/java-atk-wrapper.jar
7f9518bca000-7f9518bcd000 r--s 0000f000 08:05 4342196                    /usr/lib/jvm/java-7-openjdk-amd64/jre/lib/ext/icedtea-sound.jar
7f9518bcd000-7f9518bd1000 r--s 00034000 08:05 4342197                    /usr/lib/jvm/java-7-openjdk-amd64/jre/lib/ext/sunjce_provider.jar
7f9518bd1000-7f9518bd5000 r--s 0003c000 08:05 4342198                    /usr/lib/jvm/java-7-openjdk-amd64/jre/lib/ext/sunpkcs11.jar
7f9518bd5000-7f9518bd7000 r--s 00012000 08:05 4342194                    /usr/lib/jvm/java-7-openjdk-amd64/jre/lib/ext/zipfs.jar
7f9518bd7000-7f9518bdf000 rw-s 00000000 08:05 3156262                    /tmp/hsperfdata_tom/22478
7f9518bdf000-7f9518be0000 rw-p 00000000 00:00 0 
7f9518be0000-7f9518be1000 ---p 00000000 00:00 0 
7f9518be1000-7f9518be3000 rw-p 00000000 00:00 0 
7f9518be3000-7f9518be4000 r--p 00023000 08:05 3936582                    /lib/x86_64-linux-gnu/ld-2.21.so
7f9518be4000-7f9518be5000 rw-p 00024000 08:05 3936582                    /lib/x86_64-linux-gnu/ld-2.21.so
7f9518be5000-7f9518be6000 rw-p 00000000 00:00 0 
7ffdd05ad000-7ffdd05ce000 rw-p 00000000 00:00 0                          [stack]
7ffdd05ef000-7ffdd05f1000 r--p 00000000 00:00 0                          [vvar]
7ffdd05f1000-7ffdd05f3000 r-xp 00000000 00:00 0                          [vdso]
ffffffffff600000-ffffffffff601000 r-xp 00000000 00:00 0                  [vsyscall]

VM Arguments:
jvm_args: -Xmx1024M -Dfile.encoding=UTF-8 -Duser.country=GB -Duser.language=en -Duser.variant 
java_command: com.android.dx.command.Main --dex --num-threads=4 --multi-dex --main-dex-list /home/tom/AndroidStudioProjects/WheelyGreatApp/app/build/intermediates/multi-dex/debug/maindexlist.txt --output /home/tom/AndroidStudioProjects/WheelyGreatApp/app/build/intermediates/dex/debug /home/tom/AndroidStudioProjects/WheelyGreatApp/app/build/intermediates/multi-dex/debug/allclasses.jar
Launcher Type: SUN_STANDARD

Environment Variables:
PATH=/usr/local/sbin:/usr/local/bin:/usr/sbin:/usr/bin:/sbin:/bin:/usr/games:/usr/local/games
LD_LIBRARY_PATH=/home/tom/tools/android/android-studio/bin:
SHELL=/bin/bash
DISPLAY=:0

Signal Handlers:
SIGSEGV: [libjvm.so+0x992480], sa_mask[0]=0x7ffbfeff, sa_flags=0x10000004
SIGBUS: [libjvm.so+0x992480], sa_mask[0]=0x7ffbfeff, sa_flags=0x10000004
SIGFPE: [libjvm.so+0x7fed30], sa_mask[0]=0x7ffbfeff, sa_flags=0x10000004
SIGPIPE: [libjvm.so+0x7fed30], sa_mask[0]=0x7ffbfeff, sa_flags=0x10000004
SIGXFSZ: [libjvm.so+0x7fed30], sa_mask[0]=0x7ffbfeff, sa_flags=0x10000004
SIGILL: [libjvm.so+0x7fed30], sa_mask[0]=0x7ffbfeff, sa_flags=0x10000004
SIGUSR1: SIG_DFL, sa_mask[0]=0x00000000, sa_flags=0x00000000
SIGUSR2: [libjvm.so+0x7febb0], sa_mask[0]=0x00000004, sa_flags=0x10000004
SIGHUP: [libjvm.so+0x7fedb0], sa_mask[0]=0x7ffbfeff, sa_flags=0x10000004
SIGINT: [libjvm.so+0x7fedb0], sa_mask[0]=0x7ffbfeff, sa_flags=0x10000004
SIGTERM: [libjvm.so+0x7fedb0], sa_mask[0]=0x7ffbfeff, sa_flags=0x10000004
SIGQUIT: [libjvm.so+0x7fedb0], sa_mask[0]=0x7ffbfeff, sa_flags=0x10000004
SIGTRAP: SIG_DFL, sa_mask[0]=0x00000000, sa_flags=0x00000000


---------------  S Y S T E M  ---------------

OS:Ubuntu 15.04 (vivid)
uname:Linux 3.19.0-31-generic #36-Ubuntu SMP Wed Oct 7 15:04:02 UTC 2015 x86_64
libc:glibc 2.21 NPTL 2.21 
rlimit: STACK 8192k, CORE 0k, NPROC 14914, NOFILE 65536, AS infinity
load average:7.45 5.89 5.24

/proc/meminfo:
MemTotal:        3840316 kB
MemFree:          129052 kB
MemAvailable:      73460 kB
Buffers:             412 kB
Cached:           166496 kB
SwapCached:          132 kB
Active:          2348772 kB
Inactive:         819124 kB
Active(anon):    2339332 kB
Inactive(anon):   805572 kB
Active(file):       9440 kB
Inactive(file):    13552 kB
Unevictable:         212 kB
Mlocked:             212 kB
SwapTotal:       1048572 kB
SwapFree:              0 kB
Dirty:                32 kB
Writeback:             0 kB
AnonPages:       3001704 kB
Mapped:           416248 kB
Shmem:            143432 kB
Slab:              71060 kB
SReclaimable:      34764 kB
SUnreclaim:        36296 kB
KernelStack:       10464 kB
PageTables:        39196 kB
NFS_Unstable:          0 kB
Bounce:                0 kB
WritebackTmp:          0 kB
CommitLimit:     2968728 kB
Committed_AS:    8069272 kB
VmallocTotal:   34359738367 kB
VmallocUsed:      547020 kB
VmallocChunk:   34359183964 kB
HardwareCorrupted:     0 kB
AnonHugePages:   1357824 kB
CmaTotal:              0 kB
CmaFree:               0 kB
HugePages_Total:       0
HugePages_Free:        0
HugePages_Rsvd:        0
HugePages_Surp:        0
Hugepagesize:       2048 kB
DirectMap4k:      133180 kB
DirectMap2M:     3852288 kB


CPU:total 4 (2 cores per cpu, 2 threads per core) family 6 model 37 stepping 5, cmov, cx8, fxsr, mmx, sse, sse2, sse3, ssse3, sse4.1, sse4.2, popcnt, aes, ht, tsc, tscinvbit

/proc/cpuinfo:
processor	: 0
vendor_id	: GenuineIntel
cpu family	: 6
model		: 37
model name	: Intel(R) Core(TM) i5 CPU       M 520  @ 2.40GHz
stepping	: 5
microcode	: 0x4
cpu MHz		: 2399.000
cache size	: 3072 KB
physical id	: 0
siblings	: 4
core id		: 0
cpu cores	: 2
apicid		: 0
initial apicid	: 0
fpu		: yes
fpu_exception	: yes
cpuid level	: 11
wp		: yes
flags		: fpu vme de pse tsc msr pae mce cx8 apic sep mtrr pge mca cmov pat pse36 clflush dts acpi mmx fxsr sse sse2 ss ht tm pbe syscall nx rdtscp lm constant_tsc arch_perfmon pebs bts rep_good nopl xtopology nonstop_tsc aperfmperf pni pclmulqdq dtes64 monitor ds_cpl vmx smx est tm2 ssse3 cx16 xtpr pdcm pcid sse4_1 sse4_2 popcnt aes lahf_lm ida arat dtherm tpr_shadow vnmi flexpriority ept vpid
bugs		:
bogomips	: 4787.85
clflush size	: 64
cache_alignment	: 64
address sizes	: 36 bits physical, 48 bits virtual
power management:

processor	: 1
vendor_id	: GenuineIntel
cpu family	: 6
model		: 37
model name	: Intel(R) Core(TM) i5 CPU       M 520  @ 2.40GHz
stepping	: 5
microcode	: 0x4
cpu MHz		: 2399.000
cache size	: 3072 KB
physical id	: 0
siblings	: 4
core id		: 0
cpu cores	: 2
apicid		: 1
initial apicid	: 1
fpu		: yes
fpu_exception	: yes
cpuid level	: 11
wp		: yes
flags		: fpu vme de pse tsc msr pae mce cx8 apic sep mtrr pge mca cmov pat pse36 clflush dts acpi mmx fxsr sse sse2 ss ht tm pbe syscall nx rdtscp lm constant_tsc arch_perfmon pebs bts rep_good nopl xtopology nonstop_tsc aperfmperf pni pclmulqdq dtes64 monitor ds_cpl vmx smx est tm2 ssse3 cx16 xtpr pdcm pcid sse4_1 sse4_2 popcnt aes lahf_lm ida arat dtherm tpr_shadow vnmi flexpriority ept vpid
bugs		:
bogomips	: 4787.85
clflush size	: 64
cache_alignment	: 64
address sizes	: 36 bits physical, 48 bits virtual
power management:

processor	: 2
vendor_id	: GenuineIntel
cpu family	: 6
model		: 37
model name	: Intel(R) Core(TM) i5 CPU       M 520  @ 2.40GHz
stepping	: 5
microcode	: 0x4
cpu MHz		: 2399.000
cache size	: 3072 KB
physical id	: 0
siblings	: 4
core id		: 2
cpu cores	: 2
apicid		: 4
initial apicid	: 4
fpu		: yes
fpu_exception	: yes
cpuid level	: 11
wp		: yes
flags		: fpu vme de pse tsc msr pae mce cx8 apic sep mtrr pge mca cmov pat pse36 clflush dts acpi mmx fxsr sse sse2 ss ht tm pbe syscall nx rdtscp lm constant_tsc arch_perfmon pebs bts rep_good nopl xtopology nonstop_tsc aperfmperf pni pclmulqdq dtes64 monitor ds_cpl vmx smx est tm2 ssse3 cx16 xtpr pdcm pcid sse4_1 sse4_2 popcnt aes lahf_lm ida arat dtherm tpr_shadow vnmi flexpriority ept vpid
bugs		:
bogomips	: 4787.85
clflush size	: 64
cache_alignment	: 64
address sizes	: 36 bits physical, 48 bits virtual
power management:

processor	: 3
vendor_id	: GenuineIntel
cpu family	: 6
model		: 37
model name	: Intel(R) Core(TM) i5 CPU       M 520  @ 2.40GHz
stepping	: 5
microcode	: 0x4
cpu MHz		: 2266.000
cache size	: 3072 KB
physical id	: 0
siblings	: 4
core id		: 2
cpu cores	: 2
apicid		: 5
initial apicid	: 5
fpu		: yes
fpu_exception	: yes
cpuid level	: 11
wp		: yes
flags		: fpu vme de pse tsc msr pae mce cx8 apic sep mtrr pge mca cmov pat pse36 clflush dts acpi mmx fxsr sse sse2 ss ht tm pbe syscall nx rdtscp lm constant_tsc arch_perfmon pebs bts rep_good nopl xtopology nonstop_tsc aperfmperf pni pclmulqdq dtes64 monitor ds_cpl vmx smx est tm2 ssse3 cx16 xtpr pdcm pcid sse4_1 sse4_2 popcnt aes lahf_lm ida arat dtherm tpr_shadow vnmi flexpriority ept vpid
bugs		:
bogomips	: 4787.85
clflush size	: 64
cache_alignment	: 64
address sizes	: 36 bits physical, 48 bits virtual
power management:



Memory: 4k page, physical 3840316k(129052k free), swap 1048572k(0k free)

vm_info: OpenJDK 64-Bit Server VM (24.85-b03) for linux-amd64 JRE (1.7.0_85-b01), built on Oct 22 2015 10:09:03 by "buildd" with gcc 4.9.2

time: Tue Nov  3 14:25:02 2015
elapsed time: 19 seconds

