#
# There is insufficient memory for the Java Runtime Environment to continue.
# Native memory allocation (malloc) failed to allocate 65536000 bytes for committing reserved memory.
# Possible reasons:
#   The system is out of physical RAM or swap space
#   In 32 bit mode, the process size limit was hit
# Possible solutions:
#   Reduce memory load on the system
#   Increase physical memory or swap space
#   Check if swap backing store is full
#   Use 64 bit Java on a 64 bit OS
#   Decrease Java heap size (-Xmx/-Xms)
#   Decrease number of Java threads
#   Decrease Java thread stack sizes (-Xss)
#   Set larger code cache with -XX:ReservedCodeCacheSize=
# This output file may be truncated or incomplete.
#
#  Out of Memory Error (os_linux.cpp:2827), pid=21847, tid=140046146344704
#
# JRE version: OpenJDK Runtime Environment (7.0_85-b01) (build 1.7.0_85-b01)
# Java VM: OpenJDK 64-Bit Server VM (24.85-b03 mixed mode linux-amd64 compressed oops)
# Derivative: IcedTea 2.6.1
# Distribution: Ubuntu 15.04, package 7u85-2.6.1-5ubuntu0.15.04.1
# Failed to write core dump. Core dumps have been disabled. To enable core dumping, try "ulimit -c unlimited" before starting Java again
#

---------------  T H R E A D  ---------------

Current thread (0x00007f5f04076000):  VMThread [stack: 0x00007f5f08be1000,0x00007f5f08ce2000] [id=21857]

Stack: [0x00007f5f08be1000,0x00007f5f08ce2000],  sp=0x00007f5f08ce04c0,  free space=1021k
Native frames: (J=compiled Java code, j=interpreted, Vv=VM code, C=native code)
V  [libjvm.so+0x991996]  VMError::report_and_die()+0x186
V  [libjvm.so+0x4933a2]  report_vm_out_of_memory(char const*, int, unsigned long, char const*)+0x92
V  [libjvm.so+0x8037eb]  os::pd_commit_memory(char*, unsigned long, unsigned long, bool)+0xeb
V  [libjvm.so+0x7fdece]  os::commit_memory(char*, unsigned long, unsigned long, bool)+0x2e
V  [libjvm.so+0x871ccb]  PSVirtualSpace::expand_by(unsigned long)+0x5b
V  [libjvm.so+0x86050a]  PSOldGen::expand_by(unsigned long) [clone .part.28]+0x2a
V  [libjvm.so+0x8606c0]  PSOldGen::expand(unsigned long) [clone .part.29]+0xc0
V  [libjvm.so+0x861658]  PSOldGen::resize(unsigned long)+0x198
V  [libjvm.so+0x868844]  PSParallelCompact::invoke_no_policy(bool) [clone .part.121]+0x994
V  [libjvm.so+0x86f5e5]  PSScavenge::invoke()+0x1a5
V  [libjvm.so+0x826b43]  ParallelScavengeHeap::failed_mem_allocate(unsigned long)+0x63
V  [libjvm.so+0x993262]  VM_ParallelGCFailedAllocation::doit()+0x92
V  [libjvm.so+0x9976e7]  VM_Operation::evaluate()+0x47
V  [libjvm.so+0x995e5b]  VMThread::evaluate_operation(VM_Operation*)+0xab
V  [libjvm.so+0x996506]  VMThread::loop()+0x1e6
V  [libjvm.so+0x9969d1]  VMThread::run()+0x81
V  [libjvm.so+0x800712]  java_start(Thread*)+0xf2

VM_Operation (0x00007f5f0def8900): ParallelGCFailedAllocation, mode: safepoint, requested by thread 0x00007f5f0400a000


---------------  P R O C E S S  ---------------

Java Threads: ( => current thread )
  0x00007f5f041a4800 JavaThread "pool-2-thread-4" [_thread_blocked, id=21869, stack(0x00007f5ef8706000,0x00007f5ef8807000)]
  0x00007f5f041a3800 JavaThread "pool-2-thread-3" [_thread_blocked, id=21868, stack(0x00007f5ef8807000,0x00007f5ef8908000)]
  0x00007f5f041a1800 JavaThread "pool-2-thread-2" [_thread_blocked, id=21867, stack(0x00007f5ef8908000,0x00007f5ef8a09000)]
  0x00007f5f04191000 JavaThread "pool-3-thread-1" [_thread_blocked, id=21866, stack(0x00007f5ef8a09000,0x00007f5ef8b0a000)]
  0x00007f5f0418d800 JavaThread "pool-2-thread-1" [_thread_blocked, id=21865, stack(0x00007f5ef8b0a000,0x00007f5ef8c0b000)]
  0x00007f5f040af800 JavaThread "Service Thread" daemon [_thread_blocked, id=21863, stack(0x00007f5f00dfe000,0x00007f5f00eff000)]
  0x00007f5f040ad000 JavaThread "C2 CompilerThread1" daemon [_thread_blocked, id=21862, stack(0x00007f5f00eff000,0x00007f5f01000000)]
  0x00007f5f040aa000 JavaThread "C2 CompilerThread0" daemon [_thread_blocked, id=21861, stack(0x00007f5f080fb000,0x00007f5f081fc000)]
  0x00007f5f040a8000 JavaThread "Signal Dispatcher" daemon [_thread_blocked, id=21860, stack(0x00007f5f081fc000,0x00007f5f082fd000)]
  0x00007f5f0407c800 JavaThread "Finalizer" daemon [_thread_blocked, id=21859, stack(0x00007f5f089df000,0x00007f5f08ae0000)]
  0x00007f5f0407a800 JavaThread "Reference Handler" daemon [_thread_blocked, id=21858, stack(0x00007f5f08ae0000,0x00007f5f08be1000)]
  0x00007f5f0400a000 JavaThread "main" [_thread_blocked, id=21851, stack(0x00007f5f0ddfa000,0x00007f5f0defb000)]

Other Threads:
=>0x00007f5f04076000 VMThread [stack: 0x00007f5f08be1000,0x00007f5f08ce2000] [id=21857]
  0x00007f5f040ba800 WatcherThread [stack: 0x00007f5f00cfd000,0x00007f5f00dfe000] [id=21864]

VM state:at safepoint (normal execution)

VM Mutex/Monitor currently owned by a thread:  ([mutex/lock_event])
[0x00007f5f04006330] ExpandHeap_lock - owner thread: 0x00007f5f04076000
[0x00007f5f040069b0] Threads_lock - owner thread: 0x00007f5f04076000
[0x00007f5f04006eb0] Heap_lock - owner thread: 0x00007f5f0400a000

Heap
 PSYoungGen      total 260608K, used 11723K [0x00000000eaa80000, 0x00000000fe200000, 0x0000000100000000)
  eden space 230912K, 0% used [0x00000000eaa80000,0x00000000eaa80000,0x00000000f8c00000)
  from space 29696K, 39% used [0x00000000f9580000,0x00000000fa0f2dd0,0x00000000fb280000)
  to   space 44032K, 0% used [0x00000000fb700000,0x00000000fb700000,0x00000000fe200000)
 ParOldGen       total 82944K, used 82738K [0x00000000c0000000, 0x00000000c5100000, 0x00000000eaa80000)
  object space 82944K, 99% used [0x00000000c0000000,0x00000000c50cc9b8,0x00000000c5100000)
 PSPermGen       total 21504K, used 6293K [0x00000000b5a00000, 0x00000000b6f00000, 0x00000000c0000000)
  object space 21504K, 29% used [0x00000000b5a00000,0x00000000b6025440,0x00000000b6f00000)

Card table byte_map: [0x00007f5f0a78a000,0x00007f5f0a9de000] byte_map_base: 0x00007f5f0a1dd000

Polling page: 0x00007f5f0df1d000

Code Cache  [0x00007f5f01000000, 0x00007f5f01280000, 0x00007f5f04000000)
 total_blobs=901 nmethods=671 adapters=184 free_code_cache=46711Kb largest_free_block=47750912

Compilation events (10 events):
Event: 19.926 Thread 0x00007f5f040aa000 nmethod 692 0x00007f5f01159c90 code [0x00007f5f01159de0, 0x00007f5f01159eb8]
Event: 19.926 Thread 0x00007f5f040aa000  693             com.android.dx.ssa.SsaRenamer::access$700 (5 bytes)
Event: 19.927 Thread 0x00007f5f040aa000 nmethod 693 0x00007f5f011599d0 code [0x00007f5f01159b00, 0x00007f5f01159b58]
Event: 19.927 Thread 0x00007f5f040aa000  694             com.android.dx.ssa.SsaRenamer::access$600 (6 bytes)
Event: 19.955 Thread 0x00007f5f040aa000 nmethod 694 0x00007f5f01152050 code [0x00007f5f011521c0, 0x00007f5f01152518]
Event: 19.955 Thread 0x00007f5f040aa000  695             com.android.dx.ssa.SsaRenamer::equalsHandlesNulls (23 bytes)
Event: 19.959 Thread 0x00007f5f040aa000 nmethod 695 0x00007f5f011586d0 code [0x00007f5f01158840, 0x00007f5f01158b98]
Event: 19.960 Thread 0x00007f5f040aa000  696   !         com.android.dx.rop.type.Prototype::putIntern (50 bytes)
Event: 19.971 Thread 0x00007f5f040aa000 nmethod 696 0x00007f5f01157890 code [0x00007f5f01157a20, 0x00007f5f01158268]
Event: 19.971 Thread 0x00007f5f040aa000  697             com.android.dx.cf.direct.StdAttributeFactory::lineNumberTable (204 bytes)

GC Heap History (10 events):
Event: 9.497 GC heap after
Heap after GC invocations=6 (full 0):
 PSYoungGen      total 138240K, used 12061K [0x00000000eaa80000, 0x00000000f4280000, 0x0000000100000000)
  eden space 125440K, 0% used [0x00000000eaa80000,0x00000000eaa80000,0x00000000f2500000)
  from space 12800K, 94% used [0x00000000f3300000,0x00000000f3ec76f8,0x00000000f3f80000)
  to   space 14336K, 0% used [0x00000000f2500000,0x00000000f2500000,0x00000000f3300000)
 ParOldGen       total 39936K, used 26791K [0x00000000c0000000, 0x00000000c2700000, 0x00000000eaa80000)
  object space 39936K, 67% used [0x00000000c0000000,0x00000000c1a29c88,0x00000000c2700000)
 PSPermGen       total 21504K, used 6183K [0x00000000b5a00000, 0x00000000b6f00000, 0x00000000c0000000)
  object space 21504K, 28% used [0x00000000b5a00000,0x00000000b6009ff0,0x00000000b6f00000)
}
Event: 13.120 GC heap before
{Heap before GC invocations=7 (full 0):
 PSYoungGen      total 138240K, used 137501K [0x00000000eaa80000, 0x00000000f4280000, 0x0000000100000000)
  eden space 125440K, 100% used [0x00000000eaa80000,0x00000000f2500000,0x00000000f2500000)
  from space 12800K, 94% used [0x00000000f3300000,0x00000000f3ec76f8,0x00000000f3f80000)
  to   space 14336K, 0% used [0x00000000f2500000,0x00000000f2500000,0x00000000f3300000)
 ParOldGen       total 39936K, used 26791K [0x00000000c0000000, 0x00000000c2700000, 0x00000000eaa80000)
  object space 39936K, 67% used [0x00000000c0000000,0x00000000c1a29c88,0x00000000c2700000)
 PSPermGen       total 21504K, used 6261K [0x00000000b5a00000, 0x00000000b6f00000, 0x00000000c0000000)
  object space 21504K, 29% used [0x00000000b5a00000,0x00000000b601d610,0x00000000b6f00000)
Event: 13.268 GC heap after
Heap after GC invocations=7 (full 0):
 PSYoungGen      total 139776K, used 14317K [0x00000000eaa80000, 0x00000000fcf80000, 0x0000000100000000)
  eden space 125440K, 0% used [0x00000000eaa80000,0x00000000eaa80000,0x00000000f2500000)
  from space 14336K, 99% used [0x00000000f2500000,0x00000000f32fb4b8,0x00000000f3300000)
  to   space 24576K, 0% used [0x00000000fb780000,0x00000000fb780000,0x00000000fcf80000)
 ParOldGen       total 43008K, used 42726K [0x00000000c0000000, 0x00000000c2a00000, 0x00000000eaa80000)
  object space 43008K, 99% used [0x00000000c0000000,0x00000000c29b9848,0x00000000c2a00000)
 PSPermGen       total 21504K, used 6261K [0x00000000b5a00000, 0x00000000b6f00000, 0x00000000c0000000)
  object space 21504K, 29% used [0x00000000b5a00000,0x00000000b601d610,0x00000000b6f00000)
}
Event: 13.277 GC heap before
{Heap before GC invocations=8 (full 1):
 PSYoungGen      total 139776K, used 14317K [0x00000000eaa80000, 0x00000000fcf80000, 0x0000000100000000)
  eden space 125440K, 0% used [0x00000000eaa80000,0x00000000eaa80000,0x00000000f2500000)
  from space 14336K, 99% used [0x00000000f2500000,0x00000000f32fb4b8,0x00000000f3300000)
  to   space 24576K, 0% used [0x00000000fb780000,0x00000000fb780000,0x00000000fcf80000)
 ParOldGen       total 43008K, used 42726K [0x00000000c0000000, 0x00000000c2a00000, 0x00000000eaa80000)
  object space 43008K, 99% used [0x00000000c0000000,0x00000000c29b9848,0x00000000c2a00000)
 PSPermGen       total 21504K, used 6261K [0x00000000b5a00000, 0x00000000b6f00000, 0x00000000c0000000)
  object space 21504K, 29% used [0x00000000b5a00000,0x00000000b601d610,0x00000000b6f00000)
Event: 13.969 GC heap after
Heap after GC invocations=8 (full 1):
 PSYoungGen      total 139776K, used 6559K [0x00000000eaa80000, 0x00000000fcf80000, 0x0000000100000000)
  eden space 125440K, 0% used [0x00000000eaa80000,0x00000000eaa80000,0x00000000f2500000)
  from space 14336K, 45% used [0x00000000f2500000,0x00000000f2b67ce8,0x00000000f3300000)
  to   space 24576K, 0% used [0x00000000fb780000,0x00000000fb780000,0x00000000fcf80000)
 ParOldGen       total 82944K, used 42931K [0x00000000c0000000, 0x00000000c5100000, 0x00000000eaa80000)
  object space 82944K, 51% used [0x00000000c0000000,0x00000000c29ecc40,0x00000000c5100000)
 PSPermGen       total 21504K, used 6258K [0x00000000b5a00000, 0x00000000b6f00000, 0x00000000c0000000)
  object space 21504K, 29% used [0x00000000b5a00000,0x00000000b601c820,0x00000000b6f00000)
}
Event: 16.605 GC heap before
{Heap before GC invocations=9 (full 1):
 PSYoungGen      total 139776K, used 131999K [0x00000000eaa80000, 0x00000000fcf80000, 0x0000000100000000)
  eden space 125440K, 100% used [0x00000000eaa80000,0x00000000f2500000,0x00000000f2500000)
  from space 14336K, 45% used [0x00000000f2500000,0x00000000f2b67ce8,0x00000000f3300000)
  to   space 24576K, 0% used [0x00000000fb780000,0x00000000fb780000,0x00000000fcf80000)
 ParOldGen       total 82944K, used 42931K [0x00000000c0000000, 0x00000000c5100000, 0x00000000eaa80000)
  object space 82944K, 51% used [0x00000000c0000000,0x00000000c29ecc40,0x00000000c5100000)
 PSPermGen       total 21504K, used 6275K [0x00000000b5a00000, 0x00000000b6f00000, 0x00000000c0000000)
  object space 21504K, 29% used [0x00000000b5a00000,0x00000000b6020ec8,0x00000000b6f00000)
Event: 16.730 GC heap after
Heap after GC invocations=9 (full 1):
 PSYoungGen      total 205312K, used 24549K [0x00000000eaa80000, 0x00000000fcf80000, 0x0000000100000000)
  eden space 180736K, 0% used [0x00000000eaa80000,0x00000000eaa80000,0x00000000f5b00000)
  from space 24576K, 99% used [0x00000000fb780000,0x00000000fcf796d0,0x00000000fcf80000)
  to   space 29696K, 0% used [0x00000000f9580000,0x00000000f9580000,0x00000000fb280000)
 ParOldGen       total 82944K, used 44061K [0x00000000c0000000, 0x00000000c5100000, 0x00000000eaa80000)
  object space 82944K, 53% used [0x00000000c0000000,0x00000000c2b074f0,0x00000000c5100000)
 PSPermGen       total 21504K, used 6275K [0x00000000b5a00000, 0x00000000b6f00000, 0x00000000c0000000)
  object space 21504K, 29% used [0x00000000b5a00000,0x00000000b6020ec8,0x00000000b6f00000)
}
Event: 19.972 GC heap before
{Heap before GC invocations=10 (full 1):
 PSYoungGen      total 205312K, used 205285K [0x00000000eaa80000, 0x00000000fcf80000, 0x0000000100000000)
  eden space 180736K, 100% used [0x00000000eaa80000,0x00000000f5b00000,0x00000000f5b00000)
  from space 24576K, 99% used [0x00000000fb780000,0x00000000fcf796d0,0x00000000fcf80000)
  to   space 29696K, 0% used [0x00000000f9580000,0x00000000f9580000,0x00000000fb280000)
 ParOldGen       total 82944K, used 44061K [0x00000000c0000000, 0x00000000c5100000, 0x00000000eaa80000)
  object space 82944K, 53% used [0x00000000c0000000,0x00000000c2b074f0,0x00000000c5100000)
 PSPermGen       total 21504K, used 6293K [0x00000000b5a00000, 0x00000000b6f00000, 0x00000000c0000000)
  object space 21504K, 29% used [0x00000000b5a00000,0x00000000b6025740,0x00000000b6f00000)
Event: 20.147 GC heap after
Heap after GC invocations=10 (full 1):
 PSYoungGen      total 260608K, used 29670K [0x00000000eaa80000, 0x00000000fe200000, 0x0000000100000000)
  eden space 230912K, 0% used [0x00000000eaa80000,0x00000000eaa80000,0x00000000f8c00000)
  from space 29696K, 99% used [0x00000000f9580000,0x00000000fb279aa8,0x00000000fb280000)
  to   space 44032K, 0% used [0x00000000fb700000,0x00000000fb700000,0x00000000fe200000)
 ParOldGen       total 82944K, used 67467K [0x00000000c0000000, 0x00000000c5100000, 0x00000000eaa80000)
  object space 82944K, 81% used [0x00000000c0000000,0x00000000c41e2e98,0x00000000c5100000)
 PSPermGen       total 21504K, used 6293K [0x00000000b5a00000, 0x00000000b6f00000, 0x00000000c0000000)
  object space 21504K, 29% used [0x00000000b5a00000,0x00000000b6025740,0x00000000b6f00000)
}
Event: 20.147 GC heap before
{Heap before GC invocations=11 (full 2):
 PSYoungGen      total 260608K, used 29670K [0x00000000eaa80000, 0x00000000fe200000, 0x0000000100000000)
  eden space 230912K, 0% used [0x00000000eaa80000,0x00000000eaa80000,0x00000000f8c00000)
  from space 29696K, 99% used [0x00000000f9580000,0x00000000fb279aa8,0x00000000fb280000)
  to   space 44032K, 0% used [0x00000000fb700000,0x00000000fb700000,0x00000000fe200000)
 ParOldGen       total 82944K, used 67467K [0x00000000c0000000, 0x00000000c5100000, 0x00000000eaa80000)
  object space 82944K, 81% used [0x00000000c0000000,0x00000000c41e2e98,0x00000000c5100000)
 PSPermGen       total 21504K, used 6293K [0x00000000b5a00000, 0x00000000b6f00000, 0x00000000c0000000)
  object space 21504K, 29% used [0x00000000b5a00000,0x00000000b6025740,0x00000000b6f00000)

Deoptimization events (10 events):
Event: 15.605 Thread 0x00007f5f0418d800 Uncommon trap: reason=bimorphic action=maybe_recompile pc=0x00007f5f011a8374 method=com.android.dx.ssa.LiteralOpUpgrader.tryReplacingWithConstant(Lcom/android/dx/ssa/NormalSsaInsn;)Z @ 62
Event: 15.632 Thread 0x00007f5f041a3800 Uncommon trap: reason=class_check action=maybe_recompile pc=0x00007f5f01213514 method=com.android.dx.ssa.SCCP.replaceConstants()V @ 182
Event: 15.715 Thread 0x00007f5f041a3800 Uncommon trap: reason=class_check action=maybe_recompile pc=0x00007f5f01213514 method=com.android.dx.ssa.SCCP.replaceConstants()V @ 182
Event: 15.939 Thread 0x00007f5f0418d800 Uncommon trap: reason=bimorphic action=maybe_recompile pc=0x00007f5f011a8374 method=com.android.dx.ssa.LiteralOpUpgrader.tryReplacingWithConstant(Lcom/android/dx/ssa/NormalSsaInsn;)Z @ 62
Event: 18.341 Thread 0x00007f5f041a1800 Uncommon trap: reason=unstable_if action=reinterpret pc=0x00007f5f012549d4 method=com.android.dx.cf.code.Ropper.addOrReplaceBlock(Lcom/android/dx/rop/code/BasicBlock;Lcom/android/dx/util/IntList;)Z @ 24
Event: 19.223 Thread 0x00007f5f0400a000 Uncommon trap: reason=unstable_if action=reinterpret pc=0x00007f5f011223b4 method=com.android.dx.ssa.SCCP.simulateStmt(Lcom/android/dx/ssa/SsaInsn;)V @ 435
Event: 19.657 Thread 0x00007f5f041a3800 Uncommon trap: reason=unstable_if action=reinterpret pc=0x00007f5f0118b528 method=com.android.dx.rop.code.LocalItem.compareHandlesNulls(Lcom/android/dx/rop/cst/CstString;Lcom/android/dx/rop/cst/CstString;)I @ 14
Event: 19.657 Thread 0x00007f5f041a3800 Uncommon trap: reason=unstable_if action=reinterpret pc=0x00007f5f0112c6f4 method=com.android.dx.rop.code.LocalItem.compareHandlesNulls(Lcom/android/dx/rop/cst/CstString;Lcom/android/dx/rop/cst/CstString;)I @ 14
Event: 19.800 Thread 0x00007f5f041a3800 Uncommon trap: reason=unstable_if action=reinterpret pc=0x00007f5f010e04e4 method=com.android.dx.rop.code.LocalItem.compareHandlesNulls(Lcom/android/dx/rop/cst/CstString;Lcom/android/dx/rop/cst/CstString;)I @ 14
Event: 19.800 Thread 0x00007f5f041a3800 Uncommon trap: reason=unstable_if action=reinterpret pc=0x00007f5f010a8864 method=com.android.dx.rop.code.LocalItem.compareHandlesNulls(Lcom/android/dx/rop/cst/CstString;Lcom/android/dx/rop/cst/CstString;)I @ 14

Internal exceptions (10 events):
Event: 6.187 Thread 0x00007f5f0418d800 Implicit null exception at 0x00007f5f010d611b to 0x00007f5f010d7dc5
Event: 7.859 Thread 0x00007f5f0400a000 Threw 0x00000000eb8c5ee0 at /build/openjdk-7-X9jDCD/openjdk-7-7u85-2.6.1/build/openjdk/hotspot/src/share/vm/prims/jvm.cpp:1322
Event: 8.019 Thread 0x00007f5f041a4800 Threw 0x00000000ebcef498 at /build/openjdk-7-X9jDCD/openjdk-7-7u85-2.6.1/build/openjdk/hotspot/src/share/vm/prims/jvm.cpp:1322
Event: 10.044 Thread 0x00007f5f0400a000 Threw 0x00000000eb90f4b8 at /build/openjdk-7-X9jDCD/openjdk-7-7u85-2.6.1/build/openjdk/hotspot/src/share/vm/prims/jvm.cpp:1322
Event: 10.186 Thread 0x00007f5f0400a000 Threw 0x00000000ec131708 at /build/openjdk-7-X9jDCD/openjdk-7-7u85-2.6.1/build/openjdk/hotspot/src/share/vm/prims/jvm.cpp:1322
Event: 14.352 Thread 0x00007f5f041a4800 Implicit null exception at 0x00007f5f011f6531 to 0x00007f5f011f82d1
Event: 19.656 Thread 0x00007f5f041a3800 Implicit null exception at 0x00007f5f0118a7fe to 0x00007f5f0118b505
Event: 19.657 Thread 0x00007f5f041a3800 Implicit null exception at 0x00007f5f0112c53a to 0x00007f5f0112c6e1
Event: 19.800 Thread 0x00007f5f041a3800 Implicit null exception at 0x00007f5f010e0346 to 0x00007f5f010e04d1
Event: 19.800 Thread 0x00007f5f041a3800 Implicit null exception at 0x00007f5f010a873c to 0x00007f5f010a8851

Events (10 events):
Event: 19.657 Thread 0x00007f5f041a3800 Uncommon trap: trap_request=0xffffff75 fr.pc=0x00007f5f0112c6f4
Event: 19.657 Thread 0x00007f5f041a3800 DEOPT PACKING pc=0x00007f5f0112c6f4 sp=0x00007f5ef8906020
Event: 19.657 Thread 0x00007f5f041a3800 DEOPT UNPACKING pc=0x00007f5f01039045 sp=0x00007f5ef8905f20 mode 2
Event: 19.800 Thread 0x00007f5f041a3800 Uncommon trap: trap_request=0xffffff75 fr.pc=0x00007f5f010e04e4
Event: 19.800 Thread 0x00007f5f041a3800 DEOPT PACKING pc=0x00007f5f010e04e4 sp=0x00007f5ef8905fc0
Event: 19.800 Thread 0x00007f5f041a3800 DEOPT UNPACKING pc=0x00007f5f01039045 sp=0x00007f5ef8905f30 mode 2
Event: 19.800 Thread 0x00007f5f041a3800 Uncommon trap: trap_request=0xffffff75 fr.pc=0x00007f5f010a8864
Event: 19.800 Thread 0x00007f5f041a3800 DEOPT PACKING pc=0x00007f5f010a8864 sp=0x00007f5ef8905f40
Event: 19.800 Thread 0x00007f5f041a3800 DEOPT UNPACKING pc=0x00007f5f01039045 sp=0x00007f5ef8905f08 mode 2
Event: 19.972 Executing VM operation: ParallelGCFailedAllocation


Dynamic libraries:
00400000-00401000 r-xp 00000000 08:05 4342183                            /usr/lib/jvm/java-7-openjdk-amd64/jre/bin/java
00600000-00601000 r--p 00000000 08:05 4342183                            /usr/lib/jvm/java-7-openjdk-amd64/jre/bin/java
00601000-00602000 rw-p 00001000 08:05 4342183                            /usr/lib/jvm/java-7-openjdk-amd64/jre/bin/java
0086d000-0088e000 rw-p 00000000 00:00 0                                  [heap]
b5a00000-b6f00000 rw-p 00000000 00:00 0 
b6f00000-c0000000 rw-p 00000000 00:00 0 
c0000000-c5100000 rw-p 00000000 00:00 0 
c8f80000-eaa80000 rw-p 00000000 00:00 0 
eaa80000-fe200000 rw-p 00000000 00:00 0 
fe200000-100000000 rw-p 00000000 00:00 0 
7f5eb4000000-7f5eb4024000 rw-p 00000000 00:00 0 
7f5eb4024000-7f5eb8000000 ---p 00000000 00:00 0 
7f5eb8000000-7f5eb8023000 rw-p 00000000 00:00 0 
7f5eb8023000-7f5ebc000000 ---p 00000000 00:00 0 
7f5ebc000000-7f5ebc021000 rw-p 00000000 00:00 0 
7f5ebc021000-7f5ec0000000 ---p 00000000 00:00 0 
7f5ec0000000-7f5ec0029000 rw-p 00000000 00:00 0 
7f5ec0029000-7f5ec4000000 ---p 00000000 00:00 0 
7f5ec4000000-7f5ec4021000 rw-p 00000000 00:00 0 
7f5ec4021000-7f5ec8000000 ---p 00000000 00:00 0 
7f5ec8000000-7f5ec8031000 rw-p 00000000 00:00 0 
7f5ec8031000-7f5ecc000000 ---p 00000000 00:00 0 
7f5ecc000000-7f5ecd93c000 rw-p 00000000 00:00 0 
7f5ecd93c000-7f5ed0000000 ---p 00000000 00:00 0 
7f5ed0000000-7f5ed0021000 rw-p 00000000 00:00 0 
7f5ed0021000-7f5ed4000000 ---p 00000000 00:00 0 
7f5ed4000000-7f5ed4021000 rw-p 00000000 00:00 0 
7f5ed4021000-7f5ed8000000 ---p 00000000 00:00 0 
7f5ed8000000-7f5ed978c000 rw-p 00000000 00:00 0 
7f5ed978c000-7f5edc000000 ---p 00000000 00:00 0 
7f5edc000000-7f5edc021000 rw-p 00000000 00:00 0 
7f5edc021000-7f5ee0000000 ---p 00000000 00:00 0 
7f5ee0000000-7f5ee0021000 rw-p 00000000 00:00 0 
7f5ee0021000-7f5ee4000000 ---p 00000000 00:00 0 
7f5ee4000000-7f5ee4021000 rw-p 00000000 00:00 0 
7f5ee4021000-7f5ee8000000 ---p 00000000 00:00 0 
7f5ee8000000-7f5ee8240000 rw-p 00000000 00:00 0 
7f5ee8240000-7f5eec000000 ---p 00000000 00:00 0 
7f5eec000000-7f5eec021000 rw-p 00000000 00:00 0 
7f5eec021000-7f5ef0000000 ---p 00000000 00:00 0 
7f5ef4000000-7f5ef4021000 rw-p 00000000 00:00 0 
7f5ef4021000-7f5ef8000000 ---p 00000000 00:00 0 
7f5ef8706000-7f5ef8709000 ---p 00000000 00:00 0 
7f5ef8709000-7f5ef8807000 rw-p 00000000 00:00 0                          [stack:21869]
7f5ef8807000-7f5ef880a000 ---p 00000000 00:00 0 
7f5ef880a000-7f5ef8908000 rw-p 00000000 00:00 0                          [stack:21868]
7f5ef8908000-7f5ef890b000 ---p 00000000 00:00 0 
7f5ef890b000-7f5ef8a09000 rw-p 00000000 00:00 0                          [stack:21867]
7f5ef8a09000-7f5ef8a0c000 ---p 00000000 00:00 0 
7f5ef8a0c000-7f5ef8b0a000 rw-p 00000000 00:00 0                          [stack:21866]
7f5ef8b0a000-7f5ef8b0d000 ---p 00000000 00:00 0 
7f5ef8b0d000-7f5ef8f0c000 rw-p 00000000 00:00 0                          [stack:21865]
7f5ef8f0c000-7f5ef8f78000 r-xp 00000000 08:05 3932257                    /lib/x86_64-linux-gnu/libpcre.so.3.13.1
7f5ef8f78000-7f5ef9177000 ---p 0006c000 08:05 3932257                    /lib/x86_64-linux-gnu/libpcre.so.3.13.1
7f5ef9177000-7f5ef9178000 r--p 0006b000 08:05 3932257                    /lib/x86_64-linux-gnu/libpcre.so.3.13.1
7f5ef9178000-7f5ef9179000 rw-p 0006c000 08:05 3932257                    /lib/x86_64-linux-gnu/libpcre.so.3.13.1
7f5ef9179000-7f5ef9180000 r-xp 00000000 08:05 4334788                    /usr/lib/x86_64-linux-gnu/libffi.so.6.0.4
7f5ef9180000-7f5ef937f000 ---p 00007000 08:05 4334788                    /usr/lib/x86_64-linux-gnu/libffi.so.6.0.4
7f5ef937f000-7f5ef9380000 r--p 00006000 08:05 4334788                    /usr/lib/x86_64-linux-gnu/libffi.so.6.0.4
7f5ef9380000-7f5ef9381000 rw-p 00007000 08:05 4334788                    /usr/lib/x86_64-linux-gnu/libffi.so.6.0.4
7f5ef9381000-7f5ef9398000 r-xp 00000000 08:05 3936749                    /lib/x86_64-linux-gnu/libresolv-2.21.so
7f5ef9398000-7f5ef9598000 ---p 00017000 08:05 3936749                    /lib/x86_64-linux-gnu/libresolv-2.21.so
7f5ef9598000-7f5ef959a000 r--p 00017000 08:05 3936749                    /lib/x86_64-linux-gnu/libresolv-2.21.so
7f5ef959a000-7f5ef959b000 rw-p 00019000 08:05 3936749                    /lib/x86_64-linux-gnu/libresolv-2.21.so
7f5ef959b000-7f5ef959d000 rw-p 00000000 00:00 0 
7f5ef959d000-7f5ef95be000 r-xp 00000000 08:05 3936753                    /lib/x86_64-linux-gnu/libselinux.so.1
7f5ef95be000-7f5ef97bd000 ---p 00021000 08:05 3936753                    /lib/x86_64-linux-gnu/libselinux.so.1
7f5ef97bd000-7f5ef97be000 r--p 00020000 08:05 3936753                    /lib/x86_64-linux-gnu/libselinux.so.1
7f5ef97be000-7f5ef97bf000 rw-p 00021000 08:05 3936753                    /lib/x86_64-linux-gnu/libselinux.so.1
7f5ef97bf000-7f5ef97c1000 rw-p 00000000 00:00 0 
7f5ef97c1000-7f5ef98ce000 r-xp 00000000 08:05 3936514                    /lib/x86_64-linux-gnu/libglib-2.0.so.0.4400.1
7f5ef98ce000-7f5ef9acd000 ---p 0010d000 08:05 3936514                    /lib/x86_64-linux-gnu/libglib-2.0.so.0.4400.1
7f5ef9acd000-7f5ef9ace000 r--p 0010c000 08:05 3936514                    /lib/x86_64-linux-gnu/libglib-2.0.so.0.4400.1
7f5ef9ace000-7f5ef9acf000 rw-p 0010d000 08:05 3936514                    /lib/x86_64-linux-gnu/libglib-2.0.so.0.4400.1
7f5ef9acf000-7f5efc000000 rw-p 00000000 00:00 0 
7f5efc000000-7f5efc021000 rw-p 00000000 00:00 0 
7f5efc021000-7f5f00000000 ---p 00000000 00:00 0 
7f5f000fc000-7f5f000ff000 r-xp 00000000 08:05 4325799                    /usr/lib/x86_64-linux-gnu/libgmodule-2.0.so.0.4400.1
7f5f000ff000-7f5f002fe000 ---p 00003000 08:05 4325799                    /usr/lib/x86_64-linux-gnu/libgmodule-2.0.so.0.4400.1
7f5f002fe000-7f5f002ff000 r--p 00002000 08:05 4325799                    /usr/lib/x86_64-linux-gnu/libgmodule-2.0.so.0.4400.1
7f5f002ff000-7f5f00300000 rw-p 00003000 08:05 4325799                    /usr/lib/x86_64-linux-gnu/libgmodule-2.0.so.0.4400.1
7f5f00300000-7f5f00350000 r-xp 00000000 08:05 4325759                    /usr/lib/x86_64-linux-gnu/libgobject-2.0.so.0.4400.1
7f5f00350000-7f5f00550000 ---p 00050000 08:05 4325759                    /usr/lib/x86_64-linux-gnu/libgobject-2.0.so.0.4400.1
7f5f00550000-7f5f00551000 r--p 00050000 08:05 4325759                    /usr/lib/x86_64-linux-gnu/libgobject-2.0.so.0.4400.1
7f5f00551000-7f5f00552000 rw-p 00051000 08:05 4325759                    /usr/lib/x86_64-linux-gnu/libgobject-2.0.so.0.4400.1
7f5f00552000-7f5f006ca000 r-xp 00000000 08:05 4325781                    /usr/lib/x86_64-linux-gnu/libgio-2.0.so.0.4400.1
7f5f006ca000-7f5f008ca000 ---p 00178000 08:05 4325781                    /usr/lib/x86_64-linux-gnu/libgio-2.0.so.0.4400.1
7f5f008ca000-7f5f008ce000 r--p 00178000 08:05 4325781                    /usr/lib/x86_64-linux-gnu/libgio-2.0.so.0.4400.1
7f5f008ce000-7f5f008d0000 rw-p 0017c000 08:05 4325781                    /usr/lib/x86_64-linux-gnu/libgio-2.0.so.0.4400.1
7f5f008d0000-7f5f008d2000 rw-p 00000000 00:00 0 
7f5f008d2000-7f5f008ea000 r-xp 00000000 08:05 4342238                    /usr/lib/jvm/java-7-openjdk-amd64/jre/lib/amd64/libnet.so
7f5f008ea000-7f5f00ae9000 ---p 00018000 08:05 4342238                    /usr/lib/jvm/java-7-openjdk-amd64/jre/lib/amd64/libnet.so
7f5f00ae9000-7f5f00aea000 r--p 00017000 08:05 4342238                    /usr/lib/jvm/java-7-openjdk-amd64/jre/lib/amd64/libnet.so
7f5f00aea000-7f5f00aeb000 rw-p 00018000 08:05 4342238                    /usr/lib/jvm/java-7-openjdk-amd64/jre/lib/amd64/libnet.so
7f5f00aeb000-7f5f00afc000 r-xp 00000000 08:05 4342208                    /usr/lib/jvm/java-7-openjdk-amd64/jre/lib/amd64/libnio.so
7f5f00afc000-7f5f00cfb000 ---p 00011000 08:05 4342208                    /usr/lib/jvm/java-7-openjdk-amd64/jre/lib/amd64/libnio.so
7f5f00cfb000-7f5f00cfc000 r--p 00010000 08:05 4342208                    /usr/lib/jvm/java-7-openjdk-amd64/jre/lib/amd64/libnio.so
7f5f00cfc000-7f5f00cfd000 rw-p 00011000 08:05 4342208                    /usr/lib/jvm/java-7-openjdk-amd64/jre/lib/amd64/libnio.so
7f5f00cfd000-7f5f00cfe000 ---p 00000000 00:00 0 
7f5f00cfe000-7f5f00dfe000 rw-p 00000000 00:00 0                          [stack:21864]
7f5f00dfe000-7f5f00e01000 ---p 00000000 00:00 0 
7f5f00e01000-7f5f00eff000 rw-p 00000000 00:00 0                          [stack:21863]
7f5f00eff000-7f5f00f02000 ---p 00000000 00:00 0 
7f5f00f02000-7f5f01000000 rw-p 00000000 00:00 0                          [stack:21862]
7f5f01000000-7f5f01280000 rwxp 00000000 00:00 0 
7f5f01280000-7f5f041fe000 rw-p 00000000 00:00 0 
7f5f041fe000-7f5f08000000 ---p 00000000 00:00 0 
7f5f080c3000-7f5f080c4000 rw-p 00000000 00:00 0 
7f5f080c4000-7f5f080ec000 r--s 001c8000 08:05 4194525                    /home/tom/AndroidStudioProjects/WheelyGreatApp/app/build/intermediates/multi-dex/debug/allclasses.jar
7f5f080ec000-7f5f080fb000 r--s 000df000 08:05 2631379                    /home/tom/Android/Sdk/build-tools/23.0.1/lib/dx.jar
7f5f080fb000-7f5f080fe000 ---p 00000000 00:00 0 
7f5f080fe000-7f5f081fc000 rw-p 00000000 00:00 0                          [stack:21861]
7f5f081fc000-7f5f081ff000 ---p 00000000 00:00 0 
7f5f081ff000-7f5f082fd000 rw-p 00000000 00:00 0                          [stack:21860]
7f5f082fd000-7f5f089df000 r--p 00000000 08:05 4333363                    /usr/lib/locale/locale-archive
7f5f089df000-7f5f089e2000 ---p 00000000 00:00 0 
7f5f089e2000-7f5f08ae0000 rw-p 00000000 00:00 0                          [stack:21859]
7f5f08ae0000-7f5f08ae3000 ---p 00000000 00:00 0 
7f5f08ae3000-7f5f08be1000 rw-p 00000000 00:00 0                          [stack:21858]
7f5f08be1000-7f5f08be2000 ---p 00000000 00:00 0 
7f5f08be2000-7f5f09cdf000 rw-p 00000000 00:00 0                          [stack:21857]
7f5f09cdf000-7f5f09e91000 r--s 01d30000 08:05 4342202                    /usr/lib/jvm/java-7-openjdk-amd64/jre/lib/rt.jar
7f5f09e91000-7f5f0a1dd000 rw-p 00000000 00:00 0 
7f5f0a1dd000-7f5f0a1de000 ---p 00000000 00:00 0 
7f5f0a1de000-7f5f0a2de000 rw-p 00000000 00:00 0                          [stack:21856]
7f5f0a2de000-7f5f0a2df000 ---p 00000000 00:00 0 
7f5f0a2df000-7f5f0a3df000 rw-p 00000000 00:00 0                          [stack:21855]
7f5f0a3df000-7f5f0a3e0000 ---p 00000000 00:00 0 
7f5f0a3e0000-7f5f0a4e0000 rw-p 00000000 00:00 0                          [stack:21854]
7f5f0a4e0000-7f5f0a4e1000 ---p 00000000 00:00 0 
7f5f0a4e1000-7f5f0a5ec000 rw-p 00000000 00:00 0                          [stack:21853]
7f5f0a5ec000-7f5f0a634000 rw-p 00000000 00:00 0 
7f5f0a634000-7f5f0a65d000 rw-p 00000000 00:00 0 
7f5f0a65d000-7f5f0a78a000 rw-p 00000000 00:00 0 
7f5f0a78a000-7f5f0a795000 rw-p 00000000 00:00 0 
7f5f0a795000-7f5f0a7dd000 rw-p 00000000 00:00 0 
7f5f0a7dd000-7f5f0a806000 rw-p 00000000 00:00 0 
7f5f0a806000-7f5f0a932000 rw-p 00000000 00:00 0 
7f5f0a932000-7f5f0a9ce000 rw-p 00000000 00:00 0 
7f5f0a9ce000-7f5f0a9dd000 rw-p 00000000 00:00 0 
7f5f0a9dd000-7f5f0a9de000 rw-p 00000000 00:00 0 
7f5f0a9de000-7f5f0a9e6000 r-xp 00000000 08:05 4342212                    /usr/lib/jvm/java-7-openjdk-amd64/jre/lib/amd64/libzip.so
7f5f0a9e6000-7f5f0abe5000 ---p 00008000 08:05 4342212                    /usr/lib/jvm/java-7-openjdk-amd64/jre/lib/amd64/libzip.so
7f5f0abe5000-7f5f0abe6000 r--p 00007000 08:05 4342212                    /usr/lib/jvm/java-7-openjdk-amd64/jre/lib/amd64/libzip.so
7f5f0abe6000-7f5f0abe7000 rw-p 00008000 08:05 4342212                    /usr/lib/jvm/java-7-openjdk-amd64/jre/lib/amd64/libzip.so
7f5f0abe7000-7f5f0abf3000 r-xp 00000000 08:05 3936696                    /lib/x86_64-linux-gnu/libnss_files-2.21.so
7f5f0abf3000-7f5f0adf2000 ---p 0000c000 08:05 3936696                    /lib/x86_64-linux-gnu/libnss_files-2.21.so
7f5f0adf2000-7f5f0adf3000 r--p 0000b000 08:05 3936696                    /lib/x86_64-linux-gnu/libnss_files-2.21.so
7f5f0adf3000-7f5f0adf4000 rw-p 0000c000 08:05 3936696                    /lib/x86_64-linux-gnu/libnss_files-2.21.so
7f5f0adf4000-7f5f0adff000 r-xp 00000000 08:05 3936706                    /lib/x86_64-linux-gnu/libnss_nis-2.21.so
7f5f0adff000-7f5f0affe000 ---p 0000b000 08:05 3936706                    /lib/x86_64-linux-gnu/libnss_nis-2.21.so
7f5f0affe000-7f5f0afff000 r--p 0000a000 08:05 3936706                    /lib/x86_64-linux-gnu/libnss_nis-2.21.so
7f5f0afff000-7f5f0b000000 rw-p 0000b000 08:05 3936706                    /lib/x86_64-linux-gnu/libnss_nis-2.21.so
7f5f0b000000-7f5f0b017000 r-xp 00000000 08:05 3936690                    /lib/x86_64-linux-gnu/libnsl-2.21.so
7f5f0b017000-7f5f0b216000 ---p 00017000 08:05 3936690                    /lib/x86_64-linux-gnu/libnsl-2.21.so
7f5f0b216000-7f5f0b217000 r--p 00016000 08:05 3936690                    /lib/x86_64-linux-gnu/libnsl-2.21.so
7f5f0b217000-7f5f0b218000 rw-p 00017000 08:05 3936690                    /lib/x86_64-linux-gnu/libnsl-2.21.so
7f5f0b218000-7f5f0b21a000 rw-p 00000000 00:00 0 
7f5f0b21a000-7f5f0b222000 r-xp 00000000 08:05 3936692                    /lib/x86_64-linux-gnu/libnss_compat-2.21.so
7f5f0b222000-7f5f0b421000 ---p 00008000 08:05 3936692                    /lib/x86_64-linux-gnu/libnss_compat-2.21.so
7f5f0b421000-7f5f0b422000 r--p 00007000 08:05 3936692                    /lib/x86_64-linux-gnu/libnss_compat-2.21.so
7f5f0b422000-7f5f0b423000 rw-p 00008000 08:05 3936692                    /lib/x86_64-linux-gnu/libnss_compat-2.21.so
7f5f0b423000-7f5f0b450000 r-xp 00000000 08:05 4342220                    /usr/lib/jvm/java-7-openjdk-amd64/jre/lib/amd64/libjava.so
7f5f0b450000-7f5f0b64f000 ---p 0002d000 08:05 4342220                    /usr/lib/jvm/java-7-openjdk-amd64/jre/lib/amd64/libjava.so
7f5f0b64f000-7f5f0b650000 r--p 0002c000 08:05 4342220                    /usr/lib/jvm/java-7-openjdk-amd64/jre/lib/amd64/libjava.so
7f5f0b650000-7f5f0b652000 rw-p 0002d000 08:05 4342220                    /usr/lib/jvm/java-7-openjdk-amd64/jre/lib/amd64/libjava.so
7f5f0b652000-7f5f0b661000 r-xp 00000000 08:05 4342234                    /usr/lib/jvm/java-7-openjdk-amd64/jre/lib/amd64/libverify.so
7f5f0b661000-7f5f0b860000 ---p 0000f000 08:05 4342234                    /usr/lib/jvm/java-7-openjdk-amd64/jre/lib/amd64/libverify.so
7f5f0b860000-7f5f0b863000 r--p 0000e000 08:05 4342234                    /usr/lib/jvm/java-7-openjdk-amd64/jre/lib/amd64/libverify.so
7f5f0b863000-7f5f0b864000 rw-p 00011000 08:05 4342234                    /usr/lib/jvm/java-7-openjdk-amd64/jre/lib/amd64/libverify.so
7f5f0b864000-7f5f0b86b000 r-xp 00000000 08:05 3936751                    /lib/x86_64-linux-gnu/librt-2.21.so
7f5f0b86b000-7f5f0ba6a000 ---p 00007000 08:05 3936751                    /lib/x86_64-linux-gnu/librt-2.21.so
7f5f0ba6a000-7f5f0ba6b000 r--p 00006000 08:05 3936751                    /lib/x86_64-linux-gnu/librt-2.21.so
7f5f0ba6b000-7f5f0ba6c000 rw-p 00007000 08:05 3936751                    /lib/x86_64-linux-gnu/librt-2.21.so
7f5f0ba6c000-7f5f0ba82000 r-xp 00000000 08:05 3932175                    /lib/x86_64-linux-gnu/libgcc_s.so.1
7f5f0ba82000-7f5f0bc81000 ---p 00016000 08:05 3932175                    /lib/x86_64-linux-gnu/libgcc_s.so.1
7f5f0bc81000-7f5f0bc82000 rw-p 00015000 08:05 3932175                    /lib/x86_64-linux-gnu/libgcc_s.so.1
7f5f0bc82000-7f5f0bd89000 r-xp 00000000 08:05 3936669                    /lib/x86_64-linux-gnu/libm-2.21.so
7f5f0bd89000-7f5f0bf88000 ---p 00107000 08:05 3936669                    /lib/x86_64-linux-gnu/libm-2.21.so
7f5f0bf88000-7f5f0bf89000 r--p 00106000 08:05 3936669                    /lib/x86_64-linux-gnu/libm-2.21.so
7f5f0bf89000-7f5f0bf8a000 rw-p 00107000 08:05 3936669                    /lib/x86_64-linux-gnu/libm-2.21.so
7f5f0bf8a000-7f5f0c07a000 r-xp 00000000 08:05 4335461                    /usr/lib/x86_64-linux-gnu/libstdc++.so.6.0.20
7f5f0c07a000-7f5f0c27a000 ---p 000f0000 08:05 4335461                    /usr/lib/x86_64-linux-gnu/libstdc++.so.6.0.20
7f5f0c27a000-7f5f0c282000 r--p 000f0000 08:05 4335461                    /usr/lib/x86_64-linux-gnu/libstdc++.so.6.0.20
7f5f0c282000-7f5f0c284000 rw-p 000f8000 08:05 4335461                    /usr/lib/x86_64-linux-gnu/libstdc++.so.6.0.20
7f5f0c284000-7f5f0c299000 rw-p 00000000 00:00 0 
7f5f0c299000-7f5f0cdf9000 r-xp 00000000 08:05 4342226                    /usr/lib/jvm/java-7-openjdk-amd64/jre/lib/amd64/server/libjvm.so
7f5f0cdf9000-7f5f0cff9000 ---p 00b60000 08:05 4342226                    /usr/lib/jvm/java-7-openjdk-amd64/jre/lib/amd64/server/libjvm.so
7f5f0cff9000-7f5f0d098000 r--p 00b60000 08:05 4342226                    /usr/lib/jvm/java-7-openjdk-amd64/jre/lib/amd64/server/libjvm.so
7f5f0d098000-7f5f0d0bb000 rw-p 00bff000 08:05 4342226                    /usr/lib/jvm/java-7-openjdk-amd64/jre/lib/amd64/server/libjvm.so
7f5f0d0bb000-7f5f0d0e8000 rw-p 00000000 00:00 0 
7f5f0d0e8000-7f5f0d101000 r-xp 00000000 08:05 3936784                    /lib/x86_64-linux-gnu/libz.so.1.2.8
7f5f0d101000-7f5f0d301000 ---p 00019000 08:05 3936784                    /lib/x86_64-linux-gnu/libz.so.1.2.8
7f5f0d301000-7f5f0d302000 r--p 00019000 08:05 3936784                    /lib/x86_64-linux-gnu/libz.so.1.2.8
7f5f0d302000-7f5f0d303000 rw-p 0001a000 08:05 3936784                    /lib/x86_64-linux-gnu/libz.so.1.2.8
7f5f0d303000-7f5f0d31b000 r-xp 00000000 08:05 3936743                    /lib/x86_64-linux-gnu/libpthread-2.21.so
7f5f0d31b000-7f5f0d51b000 ---p 00018000 08:05 3936743                    /lib/x86_64-linux-gnu/libpthread-2.21.so
7f5f0d51b000-7f5f0d51c000 r--p 00018000 08:05 3936743                    /lib/x86_64-linux-gnu/libpthread-2.21.so
7f5f0d51c000-7f5f0d51d000 rw-p 00019000 08:05 3936743                    /lib/x86_64-linux-gnu/libpthread-2.21.so
7f5f0d51d000-7f5f0d521000 rw-p 00000000 00:00 0 
7f5f0d521000-7f5f0d524000 r-xp 00000000 08:05 3936627                    /lib/x86_64-linux-gnu/libdl-2.21.so
7f5f0d524000-7f5f0d723000 ---p 00003000 08:05 3936627                    /lib/x86_64-linux-gnu/libdl-2.21.so
7f5f0d723000-7f5f0d724000 r--p 00002000 08:05 3936627                    /lib/x86_64-linux-gnu/libdl-2.21.so
7f5f0d724000-7f5f0d725000 rw-p 00003000 08:05 3936627                    /lib/x86_64-linux-gnu/libdl-2.21.so
7f5f0d725000-7f5f0d8e5000 r-xp 00000000 08:05 3936610                    /lib/x86_64-linux-gnu/libc-2.21.so
7f5f0d8e5000-7f5f0dae5000 ---p 001c0000 08:05 3936610                    /lib/x86_64-linux-gnu/libc-2.21.so
7f5f0dae5000-7f5f0dae9000 r--p 001c0000 08:05 3936610                    /lib/x86_64-linux-gnu/libc-2.21.so
7f5f0dae9000-7f5f0daeb000 rw-p 001c4000 08:05 3936610                    /lib/x86_64-linux-gnu/libc-2.21.so
7f5f0daeb000-7f5f0daef000 rw-p 00000000 00:00 0 
7f5f0daef000-7f5f0dafc000 r-xp 00000000 08:05 4342235                    /usr/lib/jvm/java-7-openjdk-amd64/jre/lib/amd64/jli/libjli.so
7f5f0dafc000-7f5f0dcfb000 ---p 0000d000 08:05 4342235                    /usr/lib/jvm/java-7-openjdk-amd64/jre/lib/amd64/jli/libjli.so
7f5f0dcfb000-7f5f0dcfc000 r--p 0000c000 08:05 4342235                    /usr/lib/jvm/java-7-openjdk-amd64/jre/lib/amd64/jli/libjli.so
7f5f0dcfc000-7f5f0dcfd000 rw-p 0000d000 08:05 4342235                    /usr/lib/jvm/java-7-openjdk-amd64/jre/lib/amd64/jli/libjli.so
7f5f0dcfd000-7f5f0dd21000 r-xp 00000000 08:05 3936582                    /lib/x86_64-linux-gnu/ld-2.21.so
7f5f0dd21000-7f5f0dd22000 r--p 00000000 08:05 661967                     /usr/share/locale-langpack/en_GB/LC_MESSAGES/libc.mo
7f5f0dd22000-7f5f0dd44000 rw-p 00000000 00:00 0 
7f5f0dd44000-7f5f0ddfa000 rw-p 00000000 00:00 0 
7f5f0ddfa000-7f5f0ddfd000 ---p 00000000 00:00 0 
7f5f0ddfd000-7f5f0df00000 rw-p 00000000 00:00 0                          [stack:21851]
7f5f0df00000-7f5f0df01000 r--s 00002000 08:05 4342199                    /usr/lib/jvm/java-7-openjdk-amd64/jre/lib/ext/dnsns.jar
7f5f0df01000-7f5f0df05000 r--s 00085000 08:05 4342195                    /usr/lib/jvm/java-7-openjdk-amd64/jre/lib/ext/localedata.jar
7f5f0df05000-7f5f0df07000 r--s 00006000 08:05 410404                     /usr/share/java/java-atk-wrapper.jar
7f5f0df07000-7f5f0df0a000 r--s 0000f000 08:05 4342196                    /usr/lib/jvm/java-7-openjdk-amd64/jre/lib/ext/icedtea-sound.jar
7f5f0df0a000-7f5f0df0e000 r--s 00034000 08:05 4342197                    /usr/lib/jvm/java-7-openjdk-amd64/jre/lib/ext/sunjce_provider.jar
7f5f0df0e000-7f5f0df12000 r--s 0003c000 08:05 4342198                    /usr/lib/jvm/java-7-openjdk-amd64/jre/lib/ext/sunpkcs11.jar
7f5f0df12000-7f5f0df14000 r--s 00012000 08:05 4342194                    /usr/lib/jvm/java-7-openjdk-amd64/jre/lib/ext/zipfs.jar
7f5f0df14000-7f5f0df1c000 rw-s 00000000 08:05 3156299                    /tmp/hsperfdata_tom/21847
7f5f0df1c000-7f5f0df1d000 rw-p 00000000 00:00 0 
7f5f0df1d000-7f5f0df1e000 ---p 00000000 00:00 0 
7f5f0df1e000-7f5f0df20000 rw-p 00000000 00:00 0 
7f5f0df20000-7f5f0df21000 r--p 00023000 08:05 3936582                    /lib/x86_64-linux-gnu/ld-2.21.so
7f5f0df21000-7f5f0df22000 rw-p 00024000 08:05 3936582                    /lib/x86_64-linux-gnu/ld-2.21.so
7f5f0df22000-7f5f0df23000 rw-p 00000000 00:00 0 
7ffe32983000-7ffe329a4000 rw-p 00000000 00:00 0                          [stack]
7ffe329b3000-7ffe329b5000 r--p 00000000 00:00 0                          [vvar]
7ffe329b5000-7ffe329b7000 r-xp 00000000 00:00 0                          [vdso]
ffffffffff600000-ffffffffff601000 r-xp 00000000 00:00 0                  [vsyscall]

VM Arguments:
jvm_args: -Xmx1024M -Dfile.encoding=UTF-8 -Duser.country=GB -Duser.language=en -Duser.variant 
java_command: com.android.dx.command.Main --dex --num-threads=4 --multi-dex --main-dex-list /home/tom/AndroidStudioProjects/WheelyGreatApp/app/build/intermediates/multi-dex/debug/maindexlist.txt --output /home/tom/AndroidStudioProjects/WheelyGreatApp/app/build/intermediates/dex/debug /home/tom/AndroidStudioProjects/WheelyGreatApp/app/build/intermediates/multi-dex/debug/allclasses.jar
Launcher Type: SUN_STANDARD

Environment Variables:
PATH=/usr/local/sbin:/usr/local/bin:/usr/sbin:/usr/bin:/sbin:/bin:/usr/games:/usr/local/games
LD_LIBRARY_PATH=/home/tom/tools/android/android-studio/bin:
SHELL=/bin/bash
DISPLAY=:0

Signal Handlers:
SIGSEGV: [libjvm.so+0x992480], sa_mask[0]=0x7ffbfeff, sa_flags=0x10000004
SIGBUS: [libjvm.so+0x992480], sa_mask[0]=0x7ffbfeff, sa_flags=0x10000004
SIGFPE: [libjvm.so+0x7fed30], sa_mask[0]=0x7ffbfeff, sa_flags=0x10000004
SIGPIPE: [libjvm.so+0x7fed30], sa_mask[0]=0x7ffbfeff, sa_flags=0x10000004
SIGXFSZ: [libjvm.so+0x7fed30], sa_mask[0]=0x7ffbfeff, sa_flags=0x10000004
SIGILL: [libjvm.so+0x7fed30], sa_mask[0]=0x7ffbfeff, sa_flags=0x10000004
SIGUSR1: SIG_DFL, sa_mask[0]=0x00000000, sa_flags=0x00000000
SIGUSR2: [libjvm.so+0x7febb0], sa_mask[0]=0x00000004, sa_flags=0x10000004
SIGHUP: [libjvm.so+0x7fedb0], sa_mask[0]=0x7ffbfeff, sa_flags=0x10000004
SIGINT: [libjvm.so+0x7fedb0], sa_mask[0]=0x7ffbfeff, sa_flags=0x10000004
SIGTERM: [libjvm.so+0x7fedb0], sa_mask[0]=0x7ffbfeff, sa_flags=0x10000004
SIGQUIT: [libjvm.so+0x7fedb0], sa_mask[0]=0x7ffbfeff, sa_flags=0x10000004
SIGTRAP: SIG_DFL, sa_mask[0]=0x00000000, sa_flags=0x00000000


---------------  S Y S T E M  ---------------

OS:Ubuntu 15.04 (vivid)
uname:Linux 3.19.0-31-generic #36-Ubuntu SMP Wed Oct 7 15:04:02 UTC 2015 x86_64
libc:glibc 2.21 NPTL 2.21 
rlimit: STACK 8192k, CORE 0k, NPROC 14914, NOFILE 65536, AS infinity
load average:8.28 6.90 5.26

/proc/meminfo:
MemTotal:        3840316 kB
MemFree:          116616 kB
MemAvailable:      61884 kB
Buffers:             620 kB
Cached:            93632 kB
SwapCached:          772 kB
Active:          2313708 kB
Inactive:         865856 kB
Active(anon):    2300420 kB
Inactive(anon):   854376 kB
Active(file):      13288 kB
Inactive(file):    11480 kB
Unevictable:         200 kB
Mlocked:             200 kB
SwapTotal:       1048572 kB
SwapFree:              0 kB
Dirty:               108 kB
Writeback:             0 kB
AnonPages:       3085804 kB
Mapped:           427512 kB
Shmem:             68656 kB
Slab:              70664 kB
SReclaimable:      34712 kB
SUnreclaim:        35952 kB
KernelStack:       10144 kB
PageTables:        39220 kB
NFS_Unstable:          0 kB
Bounce:                0 kB
WritebackTmp:          0 kB
CommitLimit:     2968728 kB
Committed_AS:    8073616 kB
VmallocTotal:   34359738367 kB
VmallocUsed:      547020 kB
VmallocChunk:   34359183964 kB
HardwareCorrupted:     0 kB
AnonHugePages:   1366016 kB
CmaTotal:              0 kB
CmaFree:               0 kB
HugePages_Total:       0
HugePages_Free:        0
HugePages_Rsvd:        0
HugePages_Surp:        0
Hugepagesize:       2048 kB
DirectMap4k:      133180 kB
DirectMap2M:     3852288 kB


CPU:total 4 (2 cores per cpu, 2 threads per core) family 6 model 37 stepping 5, cmov, cx8, fxsr, mmx, sse, sse2, sse3, ssse3, sse4.1, sse4.2, popcnt, aes, ht, tsc, tscinvbit

/proc/cpuinfo:
processor	: 0
vendor_id	: GenuineIntel
cpu family	: 6
model		: 37
model name	: Intel(R) Core(TM) i5 CPU       M 520  @ 2.40GHz
stepping	: 5
microcode	: 0x4
cpu MHz		: 2399.000
cache size	: 3072 KB
physical id	: 0
siblings	: 4
core id		: 0
cpu cores	: 2
apicid		: 0
initial apicid	: 0
fpu		: yes
fpu_exception	: yes
cpuid level	: 11
wp		: yes
flags		: fpu vme de pse tsc msr pae mce cx8 apic sep mtrr pge mca cmov pat pse36 clflush dts acpi mmx fxsr sse sse2 ss ht tm pbe syscall nx rdtscp lm constant_tsc arch_perfmon pebs bts rep_good nopl xtopology nonstop_tsc aperfmperf pni pclmulqdq dtes64 monitor ds_cpl vmx smx est tm2 ssse3 cx16 xtpr pdcm pcid sse4_1 sse4_2 popcnt aes lahf_lm ida arat dtherm tpr_shadow vnmi flexpriority ept vpid
bugs		:
bogomips	: 4787.85
clflush size	: 64
cache_alignment	: 64
address sizes	: 36 bits physical, 48 bits virtual
power management:

processor	: 1
vendor_id	: GenuineIntel
cpu family	: 6
model		: 37
model name	: Intel(R) Core(TM) i5 CPU       M 520  @ 2.40GHz
stepping	: 5
microcode	: 0x4
cpu MHz		: 2399.000
cache size	: 3072 KB
physical id	: 0
siblings	: 4
core id		: 0
cpu cores	: 2
apicid		: 1
initial apicid	: 1
fpu		: yes
fpu_exception	: yes
cpuid level	: 11
wp		: yes
flags		: fpu vme de pse tsc msr pae mce cx8 apic sep mtrr pge mca cmov pat pse36 clflush dts acpi mmx fxsr sse sse2 ss ht tm pbe syscall nx rdtscp lm constant_tsc arch_perfmon pebs bts rep_good nopl xtopology nonstop_tsc aperfmperf pni pclmulqdq dtes64 monitor ds_cpl vmx smx est tm2 ssse3 cx16 xtpr pdcm pcid sse4_1 sse4_2 popcnt aes lahf_lm ida arat dtherm tpr_shadow vnmi flexpriority ept vpid
bugs		:
bogomips	: 4787.85
clflush size	: 64
cache_alignment	: 64
address sizes	: 36 bits physical, 48 bits virtual
power management:

processor	: 2
vendor_id	: GenuineIntel
cpu family	: 6
model		: 37
model name	: Intel(R) Core(TM) i5 CPU       M 520  @ 2.40GHz
stepping	: 5
microcode	: 0x4
cpu MHz		: 2399.000
cache size	: 3072 KB
physical id	: 0
siblings	: 4
core id		: 2
cpu cores	: 2
apicid		: 4
initial apicid	: 4
fpu		: yes
fpu_exception	: yes
cpuid level	: 11
wp		: yes
flags		: fpu vme de pse tsc msr pae mce cx8 apic sep mtrr pge mca cmov pat pse36 clflush dts acpi mmx fxsr sse sse2 ss ht tm pbe syscall nx rdtscp lm constant_tsc arch_perfmon pebs bts rep_good nopl xtopology nonstop_tsc aperfmperf pni pclmulqdq dtes64 monitor ds_cpl vmx smx est tm2 ssse3 cx16 xtpr pdcm pcid sse4_1 sse4_2 popcnt aes lahf_lm ida arat dtherm tpr_shadow vnmi flexpriority ept vpid
bugs		:
bogomips	: 4787.85
clflush size	: 64
cache_alignment	: 64
address sizes	: 36 bits physical, 48 bits virtual
power management:

processor	: 3
vendor_id	: GenuineIntel
cpu family	: 6
model		: 37
model name	: Intel(R) Core(TM) i5 CPU       M 520  @ 2.40GHz
stepping	: 5
microcode	: 0x4
cpu MHz		: 1733.000
cache size	: 3072 KB
physical id	: 0
siblings	: 4
core id		: 2
cpu cores	: 2
apicid		: 5
initial apicid	: 5
fpu		: yes
fpu_exception	: yes
cpuid level	: 11
wp		: yes
flags		: fpu vme de pse tsc msr pae mce cx8 apic sep mtrr pge mca cmov pat pse36 clflush dts acpi mmx fxsr sse sse2 ss ht tm pbe syscall nx rdtscp lm constant_tsc arch_perfmon pebs bts rep_good nopl xtopology nonstop_tsc aperfmperf pni pclmulqdq dtes64 monitor ds_cpl vmx smx est tm2 ssse3 cx16 xtpr pdcm pcid sse4_1 sse4_2 popcnt aes lahf_lm ida arat dtherm tpr_shadow vnmi flexpriority ept vpid
bugs		:
bogomips	: 4787.85
clflush size	: 64
cache_alignment	: 64
address sizes	: 36 bits physical, 48 bits virtual
power management:



Memory: 4k page, physical 3840316k(117016k free), swap 1048572k(0k free)

vm_info: OpenJDK 64-Bit Server VM (24.85-b03) for linux-amd64 JRE (1.7.0_85-b01), built on Oct 22 2015 10:09:03 by "buildd" with gcc 4.9.2

time: Tue Nov  3 14:16:39 2015
elapsed time: 21 seconds

